"../../../../../Users/Mythical/Documents/GitHub/zedfest_modding_uproject/KevinSpel/Content/AI_System/Examples/Enemies/BP_NPC_FatMutant.uasset" 0
"../../../../../Users/Mythical/Documents/GitHub/zedfest_modding_uproject/KevinSpel/Content/NetworkRagdollIK/Skeletal/Character/UE4_Mannequin_Skeleton.uasset" 1
"../../../../../Users/Mythical/Documents/GitHub/zedfest_modding_uproject/KevinSpel/Content/Animations/ABP_Main.uasset" 2
"../../../../../Users/Mythical/Documents/GitHub/zedfest_modding_uproject/KevinSpel/Content/Blueprints/GenericShooter/Addons/Common/EpicContent/FirstPerson/Animations/ABP_FirstPerson.uasset" 3
"../../../../../Users/Mythical/Documents/GitHub/zedfest_modding_uproject/KevinSpel/Content/Blueprints/GenericShooter/Addons/Interaction/Examples/BonusContent/JumpPads/BP_JumpPad.uasset" 4
"../../../../../Users/Mythical/Documents/GitHub/zedfest_modding_uproject/KevinSpel/Content/Blueprints/GenericShooter/Addons/Interaction/Examples/BonusContent/JumpPads/BP_JumpPad_Target.uasset" 5
"../../../../../Users/Mythical/Documents/GitHub/zedfest_modding_uproject/KevinSpel/Content/Blueprints/GenericShooter/Addons/Interaction/Examples/BonusContent/Spring/S_Spring.uasset" 6
"../../../../../Users/Mythical/Documents/GitHub/zedfest_modding_uproject/KevinSpel/Content/Blueprints/GenericShooter/Addons/Interaction/Examples/Elevator/BP_Elevator.uasset" 7
"../../../../../Users/Mythical/Documents/GitHub/zedfest_modding_uproject/KevinSpel/Content/Blueprints/GenericShooter/Addons/Interaction/Examples/Elevator/BP_ElevatorStatusLight.uasset" 8
"../../../../../Users/Mythical/Documents/GitHub/zedfest_modding_uproject/KevinSpel/Content/Blueprints/GenericShooter/Addons/Interaction/Examples/ReusableButtons/VertexAnimated/BP_Button_VA_Rectangular.uasset" 9
"../../../../../Users/Mythical/Documents/GitHub/zedfest_modding_uproject/KevinSpel/Content/Blueprints/Objective_Stuff/BP_KeyCardPickup.uasset" 10
"../../../../../Users/Mythical/Documents/GitHub/zedfest_modding_uproject/KevinSpel/Content/Blueprints/Objective_Stuff/BP_ObjectivePickup_SpawnPoint.uasset" 11
"../../../../../Users/Mythical/Documents/GitHub/zedfest_modding_uproject/KevinSpel/Content/Blueprints/Objective_Stuff/BP_ObjectivePlacedSpawnPoint.uasset" 12
"../../../../../Users/Mythical/Documents/GitHub/zedfest_modding_uproject/KevinSpel/Content/Blueprints/Objective_Stuff/BP_PlaceObjectiveToUnlock.uasset" 13
"../../../../../Users/Mythical/Documents/GitHub/zedfest_modding_uproject/KevinSpel/Content/Blueprints/Objective_Stuff/Objective_1/BP_VirusMachine.uasset" 14
"../../../../../Users/Mythical/Documents/GitHub/zedfest_modding_uproject/KevinSpel/Content/Blueprints/Objective_Stuff/Objective_2/BP_NPC_PatrolRouteObjective_2.uasset" 15
"../../../../../Users/Mythical/Documents/GitHub/zedfest_modding_uproject/KevinSpel/Content/Blueprints/Objective_Stuff/Objective_2/BP_PatrolRoute_Objective_2.uasset" 16
"../../../../../Users/Mythical/Documents/GitHub/zedfest_modding_uproject/KevinSpel/Content/Blueprints/Objective_Stuff/Objective_2/BP_PR_Objective_EndCollision.uasset" 17
"../../../../../Users/Mythical/Documents/GitHub/zedfest_modding_uproject/KevinSpel/Content/Blueprints/Objective_Stuff/Objective_2/PatrolRoute_Head_BP.uasset" 18
"../../../../../Users/Mythical/Documents/GitHub/zedfest_modding_uproject/KevinSpel/Content/Blueprints/Objective_Stuff/Objective_2/PatrolRoute_Head_HP.uasset" 19
"../../../../../Users/Mythical/Documents/GitHub/zedfest_modding_uproject/KevinSpel/Content/Blueprints/Objective_Stuff/Objective_3/BP_NPC_PatrolRouteObjective_3.uasset" 20
"../../../../../Users/Mythical/Documents/GitHub/zedfest_modding_uproject/KevinSpel/Content/Blueprints/Objective_Stuff/Objective_3/BP_PatrolRoute_Objective_3.uasset" 21
"../../../../../Users/Mythical/Documents/GitHub/zedfest_modding_uproject/KevinSpel/Content/Blueprints/Objective_Stuff/Objective_3/BP_Prison_Objective_3.uasset" 22
"../../../../../Users/Mythical/Documents/GitHub/zedfest_modding_uproject/KevinSpel/Content/Blueprints/Objective_Stuff/Objective_3/BP_Prison_Objective_33.uasset" 23
"../../../../../Users/Mythical/Documents/GitHub/zedfest_modding_uproject/KevinSpel/Content/Blueprints/Objective_Stuff/Objective_4/ShreddingMachine/BP_ShredderSpawnPointObjective4.uasset" 24
"../../../../../Users/Mythical/Documents/GitHub/zedfest_modding_uproject/KevinSpel/Content/Blueprints/Objective_Stuff/Objective_5/BP_HydraulicPressSpawnPointObjective5.uasset" 25
"../../../../../Users/Mythical/Documents/GitHub/zedfest_modding_uproject/KevinSpel/Content/Blueprints/Objective_Stuff/Objective_6/BP_BlenderBowlSpawnPointObjective6.uasset" 26
"../../../../../Users/Mythical/Documents/GitHub/zedfest_modding_uproject/KevinSpel/Content/Blueprints/Security/Blueprints/BP_CameraSpawnPointOLD.uasset" 27
"../../../../../Users/Mythical/Documents/GitHub/zedfest_modding_uproject/KevinSpel/Content/Blueprints/Security/Blueprints/BP_Security_Camera_Tracking.uasset" 28
"../../../../../Users/Mythical/Documents/GitHub/zedfest_modding_uproject/KevinSpel/Content/FPSK/Animations/FirstPersonBody/ABP_FirstPersonBody.uasset" 29
"../../../../../Users/Mythical/Documents/GitHub/zedfest_modding_uproject/KevinSpel/Content/HordeTemplateBP/Blueprint/Base/BP_Damage_Zed_Penetration.uasset" 30
"../../../../../Users/Mythical/Documents/GitHub/zedfest_modding_uproject/KevinSpel/Content/HordeTemplateBP/Blueprint/Widgets/WBP_HUD.uasset" 31
"../../../../../Users/Mythical/Documents/GitHub/zedfest_modding_uproject/KevinSpel/Content/Inventory/Blueprints/Inventory/InventoryManager.uasset" 32
"../../../../../Users/Mythical/Documents/GitHub/zedfest_modding_uproject/KevinSpel/Content/HordeTemplateBP/Blueprint/Struct/PlayableLevels.uasset" 33
"../../../../../Users/Mythical/Documents/GitHub/zedfest_modding_uproject/KevinSpel/Content/HordeTemplateBP/Blueprint/Base/BP_Horde_Instance.uasset" 34
"../../../Engine/Content/EditorBlueprintResources/StandardMacros.uasset" 35
"../../../../../Users/Mythical/Documents/GitHub/zedfest_modding_uproject/KevinSpel/Content/Mods/ModdingFramework_P/Structs/F_AddMapToMenu.uasset" 36
"../../../../../Users/Mythical/Documents/GitHub/zedfest_modding_uproject/KevinSpel/Content/Mods/ModdingFramework_P/ModActor.uasset" 37
"../../../../../Users/Mythical/Documents/GitHub/zedfest_modding_uproject/KevinSpel/Content/Maps/SplashLevel/LoadingScreen_Widget.uasset" 38
"../../../../../Users/Mythical/Documents/GitHub/zedfest_modding_uproject/KevinSpel/Content/Maps/SplashLevel/SplashLevelWidget.uasset" 39
"../../../../../Users/Mythical/Documents/GitHub/zedfest_modding_uproject/KevinSpel/Content/Maps/TransitionMapDeath/MainMenuGameMode.uasset" 40
"../../../../../Users/Mythical/Documents/GitHub/zedfest_modding_uproject/KevinSpel/Content/MenuSystem/SoundClasses/MasterAudio.uasset" 41
"../../../../../Users/Mythical/Documents/GitHub/zedfest_modding_uproject/KevinSpel/Content/Meshes/CyberPunk_Assets/BluePrints/BP_light_Telephone_Pole.uasset" 42
"../../../../../Users/Mythical/Documents/GitHub/zedfest_modding_uproject/KevinSpel/Content/Meshes/ISW/Materials/Water/MI_Water.uasset" 43
"../../../../../Users/Mythical/Documents/GitHub/zedfest_modding_uproject/KevinSpel/Content/Meshes/SuperGrid/StarterPack/Tutorial/Blueprints/LevelElements/BP_Elevator.uasset" 44
"../../../../../Users/Mythical/Documents/GitHub/zedfest_modding_uproject/KevinSpel/Content/Mods/ModdingFramework_P/Blueprints/PAL_ModdingFramework.uasset" 45
"../../../../../Users/Mythical/Documents/GitHub/zedfest_modding_uproject/KevinSpel/Content/Mods/KokoriForestLevel/DA_KokoriForestLevel.uasset" 46
"../../../../../Users/Mythical/Documents/GitHub/zedfest_modding_uproject/KevinSpel/Content/Mods/KokoriForestLevel/T_KokoriForestLevelImage.uasset" 47
"../../../../../Users/Mythical/Documents/GitHub/zedfest_modding_uproject/KevinSpel/Content/Mods/KokoriForestLevel/DT_KokoriForestLevel.uasset" 48
"../../../../../Users/Mythical/Documents/GitHub/zedfest_modding_uproject/KevinSpel/Content/Mods/KokoriForestLevel/Materials/MM_Kokori.uasset" 49
"../../../../../Users/Mythical/Documents/GitHub/zedfest_modding_uproject/KevinSpel/Content/Mods/ModdingFramework_P/DA_ModdingFramework.uasset" 50
"../../../../../Users/Mythical/Documents/GitHub/zedfest_modding_uproject/KevinSpel/Content/Mods/ModdingFramework_P/Materials/M_Translucent.uasset" 51
"../../../../../Users/Mythical/Documents/GitHub/zedfest_modding_uproject/KevinSpel/Content/Meshes/ISW/Blueprint/SM_WaterPlane.uasset" 52
"../../../../../Users/Mythical/Documents/GitHub/zedfest_modding_uproject/KevinSpel/Content/Meshes/ISW/Blueprint/BP_Water.uasset" 53
"../../../../../Users/Mythical/Documents/GitHub/zedfest_modding_uproject/KevinSpel/Content/Mods/ModdingFramework_P/Materials/M_Translucent_Blue.uasset" 54
"../../../../../Users/Mythical/Documents/GitHub/zedfest_modding_uproject/KevinSpel/Content/Mods/ModdingFramework_P/Meshes/Cube.uasset" 55
"../../../../../Users/Mythical/Documents/GitHub/zedfest_modding_uproject/KevinSpel/Content/Mods/ModdingFramework_P/Blueprints/BP_RemovePuke.uasset" 56
"../../../Engine/Content/Functions/Engine_MaterialFunctions01/Opacity/CameraDepthFade.uasset" 57
"../../../Engine/Content/EngineMaterials/T_Default_Material_Grid_M.uasset" 58
"../../../Engine/Content/EngineMaterials/T_Default_Material_Grid_N.uasset" 59
"../../../Engine/Content/EngineMaterials/WorldGridMaterial.uasset" 60
"../../../../../Users/Mythical/Documents/GitHub/zedfest_modding_uproject/KevinSpel/Content/Mods/ModdingFramework_P/Meshes/SM_Wall.uasset" 61
"../../../../../Users/Mythical/Documents/GitHub/zedfest_modding_uproject/KevinSpel/Content/Mods/ModdingFramework_P/Blueprints/BP_SplineCollision.uasset" 62
"../../../Engine/Content/BasicShapes/BasicShapeMaterial.uasset" 63
"../../../Engine/Content/BasicShapes/Plane.uasset" 64
"../../../../../Users/Mythical/Documents/GitHub/zedfest_modding_uproject/KevinSpel/Content/Mods/ModdingFramework_P/Blueprints/LeftToCreate/BP_ExampleBase.uasset" 65
"../../../../../Users/Mythical/Documents/GitHub/zedfest_modding_uproject/KevinSpel/Content/Splash/EdSplash.uasset" 66
"../../../../../Users/Mythical/Documents/GitHub/zedfest_modding_uproject/KevinSpel/Content/Mods/ModdingFramework_P/DataTables/DT_AddMapToMenu.uasset" 67
"../../../../../Users/Mythical/Documents/GitHub/zedfest_modding_uproject/KevinSpel/Content/Mods/ModdingFramework_P/Structs/F_DT_Names_To_Remove.uasset" 68
"../../../../../Users/Mythical/Documents/GitHub/zedfest_modding_uproject/KevinSpel/Content/Mods/ModdingFramework_P/DataTables/DT_DT_Names_To_Remove.uasset" 69
"../../../../../Users/Mythical/Documents/GitHub/zedfest_modding_uproject/KevinSpel/Content/Mods/ModdingFramework_P/Structs/F_MapNamesToRemove.uasset" 70
"../../../../../Users/Mythical/Documents/GitHub/zedfest_modding_uproject/KevinSpel/Content/Mods/ModdingFramework_P/DataTables/DT_MapNamesToRemove.uasset" 71
"../../../../../Users/Mythical/Documents/GitHub/zedfest_modding_uproject/KevinSpel/Content/Mods/ModdingFramework_P/EditorUtilityWidgets/MapSetup/BP_MapSetupBase.uasset" 72
"../../../../../Users/Mythical/Documents/GitHub/zedfest_modding_uproject/KevinSpel/Content/HordeTemplateBP/Blueprint/Ai/BP_Base_AI_Boss_SpawnPoint.uasset" 73
"../../../../../Users/Mythical/Documents/GitHub/zedfest_modding_uproject/KevinSpel/Content/Mods/ModdingFramework_P/Materials/M_Red.uasset" 74
"../../../Engine/Content/EngineMaterials/DefaultMaterial.uasset" 75
"../../../Engine/Content/BasicShapes/Cone.uasset" 76
"../../../../../Users/Mythical/Documents/GitHub/zedfest_modding_uproject/KevinSpel/Content/Mods/ModdingFramework_P/Blueprints/BP_BossSpawnPoint.uasset" 77
"../../../../../Users/Mythical/Documents/GitHub/zedfest_modding_uproject/KevinSpel/Content/Blueprints/Security/Blueprints/BP_CameraSpawnPoint.uasset" 78
"../../../../../Users/Mythical/Documents/GitHub/zedfest_modding_uproject/KevinSpel/Content/Mods/ModdingFramework_P/Meshes/SM_Security_Camera_Base.uasset" 79
"../../../../../Users/Mythical/Documents/GitHub/zedfest_modding_uproject/KevinSpel/Content/Mods/ModdingFramework_P/Meshes/SM_Security_Camera_Lens.uasset" 80
"../../../../../Users/Mythical/Documents/GitHub/zedfest_modding_uproject/KevinSpel/Content/Mods/ModdingFramework_P/Blueprints/BP_CameraSpawnPoint.uasset" 81
"../../../../../Users/Mythical/Documents/GitHub/zedfest_modding_uproject/KevinSpel/Content/HordeTemplateBP/Blueprint/Ai/BP_Base_AI_SpawnExpand.uasset" 82
"../../../../../Users/Mythical/Documents/GitHub/zedfest_modding_uproject/KevinSpel/Content/Mods/ModdingFramework_P/Blueprints/BP_EnemySpawnPoint.uasset" 83
"../../../../../Users/Mythical/Documents/GitHub/zedfest_modding_uproject/KevinSpel/Content/Mods/ModdingFramework_P/EditorUtilityWidgets/MapSetup/E_MapSetupType.uasset" 84
"../../../../../Users/Mythical/Documents/GitHub/zedfest_modding_uproject/KevinSpel/Content/Mods/ModdingFramework_P/EditorUtilityWidgets/MapSetup/F_MapSetup.uasset" 85
"../../../../../Users/Mythical/Documents/GitHub/zedfest_modding_uproject/KevinSpel/Content/Mods/ModdingFramework_P/EditorUtilityWidgets/Modding.uasset" 86
"../../../../../Users/Mythical/Documents/GitHub/zedfest_modding_uproject/KevinSpel/Content/Mods/ModdingFramework_P/EditorUtilityWidgets/MapSetup/DT_MapSetup.uasset" 87
"../../../../../Users/Mythical/Documents/GitHub/zedfest_modding_uproject/KevinSpel/Content/Mods/ModdingFramework_P/EditorUtilityWidgets/MapSetup/ExampleModActor.uasset" 88
"../../../../../Users/Mythical/Documents/GitHub/zedfest_modding_uproject/KevinSpel/Content/Mods/ModdingFramework_P/EditorUtilityWidgets/MapSetup/DA_Example/DA_Example.uasset" 89
"../../../../../Users/Mythical/Documents/GitHub/zedfest_modding_uproject/KevinSpel/Content/Mods/ModdingFramework_P/EditorUtilityWidgets/ToDoList/ToDoList.uasset" 90
"../../../../../Users/Mythical/Documents/GitHub/zedfest_modding_uproject/KevinSpel/Content/Mods/ModdingFramework_P/Materials/M_Blue.uasset" 91
"../../../../../Users/Mythical/Documents/GitHub/zedfest_modding_uproject/KevinSpel/Content/Mods/VillageLevel_P/DA_VillageLevel.uasset" 92
"../../../../../Users/Mythical/Documents/GitHub/zedfest_modding_uproject/KevinSpel/Content/Mods/VillageLevel_P/T_VillageLevel.uasset" 93
"../../../../../Users/Mythical/Documents/GitHub/zedfest_modding_uproject/KevinSpel/Content/Mods/VillageLevel_P/DT_VillageLevel.uasset" 94
"../../../Engine/Content/Functions/Engine_MaterialFunctions02/ExampleContent/Textures/flipbook.uasset" 95
"../../../Engine/Content/Functions/Engine_MaterialFunctions02/Texturing/FlipBook.uasset" 96
"../../../../../Users/Mythical/Documents/GitHub/zedfest_modding_uproject/KevinSpel/Content/Mods/VillageLevel_P/Textures/Particles/T_Butterfly_bc.uasset" 97
"../../../../../Users/Mythical/Documents/GitHub/zedfest_modding_uproject/KevinSpel/Content/Mods/VillageLevel_P/Materials/MasterMaterials/M_SpriteAnim.uasset" 98
"../../../../../Users/Mythical/Documents/GitHub/zedfest_modding_uproject/KevinSpel/Content/Mods/VillageLevel_P/Materials/MI_Butterfly.uasset" 99
"../../../../../Users/Mythical/Documents/GitHub/zedfest_modding_uproject/KevinSpel/Content/Mods/VillageLevel_P/Materials/MI_Fire.uasset" 100
"../../../../../Users/Mythical/Documents/GitHub/zedfest_modding_uproject/KevinSpel/Content/Mods/VillageLevel_P/Textures/HouseA/T_HouseA_01_bc.uasset" 101
"../../../../../Users/Mythical/Documents/GitHub/zedfest_modding_uproject/KevinSpel/Content/Mods/VillageLevel_P/Textures/HouseA/T_HouseA_ao_r_m.uasset" 102
"../../../../../Users/Mythical/Documents/GitHub/zedfest_modding_uproject/KevinSpel/Content/Mods/VillageLevel_P/Textures/HouseA/T_HouseA_e.uasset" 103
"../../../../../Users/Mythical/Documents/GitHub/zedfest_modding_uproject/KevinSpel/Content/Mods/VillageLevel_P/Textures/HouseA/T_HouseA_n.uasset" 104
"../../../../../Users/Mythical/Documents/GitHub/zedfest_modding_uproject/KevinSpel/Content/Mods/VillageLevel_P/Materials/MasterMaterials/M_Opaque_Emissive.uasset" 105
"../../../../../Users/Mythical/Documents/GitHub/zedfest_modding_uproject/KevinSpel/Content/Mods/VillageLevel_P/Materials/MI_HouseA_01_day.uasset" 106
"../../../../../Users/Mythical/Documents/GitHub/zedfest_modding_uproject/KevinSpel/Content/Mods/VillageLevel_P/Materials/MI_HouseA_01_night.uasset" 107
"../../../../../Users/Mythical/Documents/GitHub/zedfest_modding_uproject/KevinSpel/Content/Mods/VillageLevel_P/Textures/HouseA/T_HouseA_02_bc.uasset" 108
"../../../../../Users/Mythical/Documents/GitHub/zedfest_modding_uproject/KevinSpel/Content/Mods/VillageLevel_P/Materials/MI_HouseA_02_day.uasset" 109
"../../../../../Users/Mythical/Documents/GitHub/zedfest_modding_uproject/KevinSpel/Content/Mods/VillageLevel_P/Materials/MI_HouseA_02_night.uasset" 110
"../../../../../Users/Mythical/Documents/GitHub/zedfest_modding_uproject/KevinSpel/Content/Mods/VillageLevel_P/Textures/HouseB/T_HauseB_01_ao_r_m.uasset" 111
"../../../../../Users/Mythical/Documents/GitHub/zedfest_modding_uproject/KevinSpel/Content/Mods/VillageLevel_P/Textures/HouseB/T_HauseB_01_bc.uasset" 112
"../../../../../Users/Mythical/Documents/GitHub/zedfest_modding_uproject/KevinSpel/Content/Mods/VillageLevel_P/Textures/HouseB/T_HauseB_01_e.uasset" 113
"../../../../../Users/Mythical/Documents/GitHub/zedfest_modding_uproject/KevinSpel/Content/Mods/VillageLevel_P/Textures/HouseB/T_HauseB_01_n.uasset" 114
"../../../../../Users/Mythical/Documents/GitHub/zedfest_modding_uproject/KevinSpel/Content/Mods/VillageLevel_P/Materials/MI_HouseB_01_night.uasset" 115
"../../../../../Users/Mythical/Documents/GitHub/zedfest_modding_uproject/KevinSpel/Content/Mods/VillageLevel_P/Textures/HouseB/T_HauseB_02_bc.uasset" 116
"../../../../../Users/Mythical/Documents/GitHub/zedfest_modding_uproject/KevinSpel/Content/Mods/VillageLevel_P/Materials/MI_HouseB_02_night.uasset" 117
"../../../../../Users/Mythical/Documents/GitHub/zedfest_modding_uproject/KevinSpel/Content/Mods/VillageLevel_P/Textures/HouseC/T_HouseC_01_bc.uasset" 118
"../../../../../Users/Mythical/Documents/GitHub/zedfest_modding_uproject/KevinSpel/Content/Mods/VillageLevel_P/Textures/HouseC/T_HouseC_ao_r_m.uasset" 119
"../../../../../Users/Mythical/Documents/GitHub/zedfest_modding_uproject/KevinSpel/Content/Mods/VillageLevel_P/Textures/HouseC/T_HouseC_e.uasset" 120
"../../../../../Users/Mythical/Documents/GitHub/zedfest_modding_uproject/KevinSpel/Content/Mods/VillageLevel_P/Textures/HouseC/T_HouseC_n.uasset" 121
"../../../../../Users/Mythical/Documents/GitHub/zedfest_modding_uproject/KevinSpel/Content/Mods/VillageLevel_P/Materials/MI_HouseC_01_night.uasset" 122
"../../../../../Users/Mythical/Documents/GitHub/zedfest_modding_uproject/KevinSpel/Content/Mods/VillageLevel_P/Textures/HouseC/T_HouseC_02_bc.uasset" 123
"../../../../../Users/Mythical/Documents/GitHub/zedfest_modding_uproject/KevinSpel/Content/Mods/VillageLevel_P/Materials/MI_HouseC_02_day.uasset" 124
"../../../../../Users/Mythical/Documents/GitHub/zedfest_modding_uproject/KevinSpel/Content/Mods/VillageLevel_P/Materials/MI_HouseC_02_night.uasset" 125
"../../../../../Users/Mythical/Documents/GitHub/zedfest_modding_uproject/KevinSpel/Content/Mods/VillageLevel_P/Textures/Lights/T_Lights_ao_r_m.uasset" 126
"../../../../../Users/Mythical/Documents/GitHub/zedfest_modding_uproject/KevinSpel/Content/Mods/VillageLevel_P/Textures/Lights/T_Lights_bc.uasset" 127
"../../../../../Users/Mythical/Documents/GitHub/zedfest_modding_uproject/KevinSpel/Content/Mods/VillageLevel_P/Textures/Lights/T_Lights_e.uasset" 128
"../../../../../Users/Mythical/Documents/GitHub/zedfest_modding_uproject/KevinSpel/Content/Mods/VillageLevel_P/Textures/Lights/T_Lights_n.uasset" 129
"../../../../../Users/Mythical/Documents/GitHub/zedfest_modding_uproject/KevinSpel/Content/Mods/VillageLevel_P/Materials/MI_Lights_cold_OFF.uasset" 130
"../../../../../Users/Mythical/Documents/GitHub/zedfest_modding_uproject/KevinSpel/Content/Mods/VillageLevel_P/Materials/MI_Lights_cold_ON.uasset" 131
"../../../../../Users/Mythical/Documents/GitHub/zedfest_modding_uproject/KevinSpel/Content/Mods/VillageLevel_P/Materials/MI_Lights_warm_OFF.uasset" 132
"../../../../../Users/Mythical/Documents/GitHub/zedfest_modding_uproject/KevinSpel/Content/Mods/VillageLevel_P/Textures/MillBarn/T_Mill_Barn_ao_r_m.uasset" 133
"../../../../../Users/Mythical/Documents/GitHub/zedfest_modding_uproject/KevinSpel/Content/Mods/VillageLevel_P/Textures/MillBarn/T_Mill_Barn_bc.uasset" 134
"../../../../../Users/Mythical/Documents/GitHub/zedfest_modding_uproject/KevinSpel/Content/Mods/VillageLevel_P/Textures/MillBarn/T_Mill_Barn_e.uasset" 135
"../../../../../Users/Mythical/Documents/GitHub/zedfest_modding_uproject/KevinSpel/Content/Mods/VillageLevel_P/Textures/MillBarn/T_Mill_Barn_n.uasset" 136
"../../../../../Users/Mythical/Documents/GitHub/zedfest_modding_uproject/KevinSpel/Content/Mods/VillageLevel_P/Materials/MI_MillBarn_night.uasset" 137
"../../../../../Users/Mythical/Documents/GitHub/zedfest_modding_uproject/KevinSpel/Content/Mods/VillageLevel_P/Materials/MasterMaterials/M_Opaque.uasset" 138
"../../../../../Users/Mythical/Documents/GitHub/zedfest_modding_uproject/KevinSpel/Content/Mods/VillageLevel_P/Textures/Sunshade/T_Sunshade_ao_r_m.uasset" 139
"../../../../../Users/Mythical/Documents/GitHub/zedfest_modding_uproject/KevinSpel/Content/Mods/VillageLevel_P/Textures/Sunshade/T_Sunshade_bc.uasset" 140
"../../../../../Users/Mythical/Documents/GitHub/zedfest_modding_uproject/KevinSpel/Content/Mods/VillageLevel_P/Textures/Sunshade/T_Sunshade_n.uasset" 141
"../../../../../Users/Mythical/Documents/GitHub/zedfest_modding_uproject/KevinSpel/Content/Mods/VillageLevel_P/Materials/MI_Sunshade.uasset" 142
"../../../Engine/Content/EngineFonts/RobotoDistanceField.uasset" 143
"../../../../../Users/Mythical/Documents/GitHub/zedfest_modding_uproject/KevinSpel/Content/Mods/VillageLevel_P/Textures/T_TextScrapes_mask.uasset" 144
"../../../../../Users/Mythical/Documents/GitHub/zedfest_modding_uproject/KevinSpel/Content/Mods/VillageLevel_P/Materials/MasterMaterials/M_Text.uasset" 145
"../../../../../Users/Mythical/Documents/GitHub/zedfest_modding_uproject/KevinSpel/Content/Mods/VillageLevel_P/Materials/MI_TextWelcome.uasset" 146
"../../../Engine/Content/Functions/Engine_MaterialFunctions02/Utility/BlendAngleCorrectedNormals.uasset" 147
"../../../../../Users/Mythical/Documents/GitHub/zedfest_modding_uproject/KevinSpel/Content/Mods/VillageLevel_P/Textures/Water/T_Foam_bc.uasset" 148
"../../../../../Users/Mythical/Documents/GitHub/zedfest_modding_uproject/KevinSpel/Content/Mods/VillageLevel_P/Textures/Water/T_Noise_n.uasset" 149
"../../../../../Users/Mythical/Documents/GitHub/zedfest_modding_uproject/KevinSpel/Content/Mods/VillageLevel_P/Materials/MasterMaterials/M_WaterSea.uasset" 150
"../../../../../Users/Mythical/Documents/GitHub/zedfest_modding_uproject/KevinSpel/Content/Mods/VillageLevel_P/Materials/MI_WaterSea.uasset" 151
"../../../../../Users/Mythical/Documents/GitHub/zedfest_modding_uproject/KevinSpel/Content/Mods/VillageLevel_P/Materials/MasterMaterials/M_Masked_Simple.uasset" 152
"../../../../../Users/Mythical/Documents/GitHub/zedfest_modding_uproject/KevinSpel/Content/Mods/VillageLevel_P/Textures/Particles/T_Smoke.uasset" 153
"../../../../../Users/Mythical/Documents/GitHub/zedfest_modding_uproject/KevinSpel/Content/Mods/VillageLevel_P/Materials/MasterMaterials/M_Smoke.uasset" 154
"../../../../../Users/Mythical/Documents/GitHub/zedfest_modding_uproject/KevinSpel/Content/Mods/VillageLevel_P/Materials/MasterMaterials/M_Smoke_Inst.uasset" 155
"../../../Engine/Content/Functions/Engine_MaterialFunctions01/Gradient/LinearGradient.uasset" 156
"../../../Engine/Content/Functions/Engine_MaterialFunctions01/ImageAdjustment/CheapContrast.uasset" 157
"../../../Engine/Content/Functions/Engine_MaterialFunctions02/Texturing/CustomRotator.uasset" 158
"../../../Engine/Content/EngineMaterials/DefaultDiffuse.uasset" 159
"../../../Engine/Content/Functions/Engine_MaterialFunctions01/Texturing/WorldAlignedTexture.uasset" 160
"../../../../../Users/Mythical/Documents/GitHub/zedfest_modding_uproject/KevinSpel/Content/Mods/VillageLevel_P/Textures/Landscape/T_Rock_bc_r.uasset" 161
"../../../../../Users/Mythical/Documents/GitHub/zedfest_modding_uproject/KevinSpel/Content/Mods/VillageLevel_P/Materials/MasterMaterials/M_Triplanar_mobile.uasset" 162
"../../../../../Users/Mythical/Documents/GitHub/zedfest_modding_uproject/KevinSpel/Content/Mods/VillageLevel_P/Textures/T_Texts_bc.uasset" 163
"../../../../../Users/Mythical/Documents/GitHub/zedfest_modding_uproject/KevinSpel/Content/Mods/VillageLevel_P/Textures/Lighthouse/T_LinghCone_mask.uasset" 164
"../../../../../Users/Mythical/Documents/GitHub/zedfest_modding_uproject/KevinSpel/Content/Mods/VillageLevel_P/Textures/Particles/T_Clouds.uasset" 165
"../../../../../Users/Mythical/Documents/GitHub/zedfest_modding_uproject/KevinSpel/Content/Mods/VillageLevel_P/Textures/Particles/T_Fireball.uasset" 166
"../../../../../Users/Mythical/Documents/GitHub/zedfest_modding_uproject/KevinSpel/Content/Mods/VillageLevel_P/Textures/Particles/T_FireSheet.uasset" 167
"../../../Engine/Content/Animation/DefaultAnimCurveCompressionSettings.uasset" 168
"../../../Engine/Content/ArtTools/RenderToTexture/Meshes/S_1_Unit_Plane.uasset" 169
"../../../Engine/Content/BasicShapes/Sphere.uasset" 170
"../../../Engine/Content/EditorLandscapeResources/DataLayer.uasset" 171
"../../../Engine/Content/EditorMaterials/GizmoMaterial.uasset" 172
"../../../Engine/Content/EditorMaterials/MAT_Groups_Toggle.uasset" 173
"../../../Engine/Content/EditorMaterials/MAT_Groups_Visibility.uasset" 174
"../../../Engine/Content/EditorMaterials/PreviewShadowIndicator.uasset" 175
"../../../Engine/Content/EditorMaterials/PreviewShadowIndicatorMaterial.uasset" 176
"../../../Engine/Content/EditorMaterials/MatineeGroups/MAT_ColorTrack.uasset" 177
"../../../Engine/Content/EditorMaterials/MatineeGroups/MAT_Groups_Anim.uasset" 178
"../../../Engine/Content/EditorMaterials/MatineeGroups/MAT_Groups_AudioMaster.uasset" 179
"../../../Engine/Content/EditorMaterials/MatineeGroups/MAT_Groups_Director.uasset" 180
"../../../Engine/Content/EditorMaterials/MatineeGroups/MAT_Groups_Event.uasset" 181
"../../../Engine/Content/EditorMaterials/MatineeGroups/MAT_Groups_Fade.uasset" 182
"../../../Engine/Content/EditorMaterials/MatineeGroups/MAT_Groups_Float.uasset" 183
"../../../Engine/Content/EditorMaterials/MatineeGroups/MAT_Groups_Move.uasset" 184
"../../../Engine/Content/EditorMaterials/MatineeGroups/MAT_Groups_Slomo.uasset" 185
"../../../Engine/Content/EditorMaterials/MatineeGroups/MAT_Groups_Sound.uasset" 186
"../../../Engine/Content/EditorMaterials/MatineeGroups/MAT_Groups_Vector.uasset" 187
"../../../Engine/Content/EditorMaterials/ParticleSystems/PSysThumbnail_NoImage.uasset" 188
"../../../Engine/Content/EditorMaterials/ParticleSystems/PSysThumbnail_OOD.uasset" 189
"../../../Engine/Content/EditorMaterials/Camera/CineMat.uasset" 190
"../../../Engine/Content/EditorMaterials/Camera/MI_CineMat_Rig.uasset" 191
"../../../Engine/Content/EditorMeshes/Camera/SM_CraneRig_Arm.uasset" 192
"../../../Engine/Content/EditorMeshes/Camera/SM_CraneRig_Base.uasset" 193
"../../../Engine/Content/EditorMeshes/Camera/SM_CraneRig_Body.uasset" 194
"../../../Engine/Content/EditorMeshes/Camera/SM_CraneRig_Mount.uasset" 195
"../../../Engine/Content/EditorMeshes/Camera/SM_RailRig_Mount.uasset" 196
"../../../Engine/Content/EditorMeshes/Camera/SM_RailRig_Track.uasset" 197
"../../../Engine/Content/EditorResources/BSPVertex.uasset" 198
"../../../Engine/Content/EditorResources/EmptyActor.uasset" 199
"../../../Engine/Content/EditorResources/S_Actor.uasset" 200
"../../../Engine/Content/EditorResources/S_Note.uasset" 201
"../../../Engine/Content/EditorResources/S_Trigger.uasset" 202
"../../../Engine/Content/EditorResources/AudioIcons/S_AudioComponent_AutoActivate.uasset" 203
"../../../Engine/Content/EditorResources/LightIcons/S_LightError.uasset" 204
"../../../Engine/Content/EditorResources/SequenceRecorder/Countdown.uasset" 205
"../../../Engine/Content/EditorResources/SequenceRecorder/RecordingIndicator.uasset" 206
"../../../Engine/Content/EditorSounds/Notifications/CompileFailed.uasset" 207
"../../../Engine/Content/EditorSounds/Notifications/CompileFailed_Cue.uasset" 208
"../../../Engine/Content/EditorSounds/Notifications/CompileSuccess.uasset" 209
"../../../Engine/Content/EditorSounds/Notifications/CompileStart_Cue.uasset" 210
"../../../Engine/Content/EditorSounds/Notifications/CompileSuccess_Cue.uasset" 211
"../../../Engine/Content/EngineDamageTypes/DmgTypeBP_Environmental.uasset" 212
"../../../Engine/Content/EngineDebugMaterials/HeatmapGradient.uasset" 213
"../../../Engine/Content/EngineDebugMaterials/BoneWeightMaterial.uasset" 214
"../../../Engine/Content/EngineDebugMaterials/ClothMaterial.uasset" 215
"../../../Engine/Content/EngineDebugMaterials/ClothMaterial_WF.uasset" 216
"../../../Engine/Content/EngineDebugMaterials/DebugEditorMaterial.uasset" 217
"../../../Engine/Content/EngineDebugMaterials/DebugMeshMaterial.uasset" 218
"../../../Engine/Content/EngineDebugMaterials/GeomMaterial.uasset" 219
"../../../Engine/Content/EngineDebugMaterials/M_SimpleTranslucent.uasset" 220
"../../../Engine/Content/EngineFonts/Faces/RobotoBold.uasset" 221
"../../../Engine/Content/EngineFonts/Faces/RobotoBoldItalic.uasset" 222
"../../../Engine/Content/EngineFonts/Faces/RobotoItalic.uasset" 223
"../../../Engine/Content/EngineFonts/Faces/RobotoLight.uasset" 224
"../../../Engine/Content/EngineFonts/Faces/RobotoRegular.uasset" 225
"../../../Engine/Content/EngineFonts/Roboto.uasset" 226
"../../../Engine/Content/EngineFonts/Faces/RobotoTiny.uasset" 227
"../../../Engine/Content/EngineFonts/RobotoTiny.uasset" 228
"../../../Engine/Content/EngineMaterials/BaseFlattenDiffuseMap.uasset" 229
"../../../Engine/Content/EngineMaterials/BaseFlattenEmissiveMap.uasset" 230
"../../../Engine/Content/EngineMaterials/BaseFlattenGrayscaleMap.uasset" 231
"../../../Engine/Content/EngineMaterials/BaseFlattenNormalMap.uasset" 232
"../../../Engine/Content/EngineMaterials/BaseFlattenMaterial.uasset" 233
"../../../Engine/Content/EngineMaterials/DefaultBloomKernel.uasset" 234
"../../../Engine/Content/EngineMaterials/DefaultBokeh.uasset" 235
"../../../Engine/Content/EngineMaterials/DefaultDeferredDecalMaterial.uasset" 236
"../../../Engine/Content/EngineMaterials/DefaultLightFunctionMaterial.uasset" 237
"../../../Engine/Content/Functions/Engine_MaterialFunctions02/Utility/BreakOutFloat2Components.uasset" 238
"../../../Engine/Content/EngineMaterials/DefaultPostProcessMaterial.uasset" 239
"../../../Engine/Content/EngineMaterials/DefaultTextMaterialOpaque.uasset" 240
"../../../Engine/Content/EngineMaterials/DefaultWhiteGrid.uasset" 241
"../../../Engine/Content/EngineMaterials/EditorBrushMaterial.uasset" 242
"../../../Engine/Content/EngineMaterials/Good64x64TilingNoiseHighFreq.uasset" 243
"../../../Engine/Content/EngineMaterials/MiniFont.uasset" 244
"../../../Engine/Content/EngineMaterials/InvalidLightmapSettings.uasset" 245
"../../../Engine/Content/EngineMaterials/M_InvalidLightmapSettings.uasset" 246
"../../../Engine/Content/Functions/Engine_MaterialFunctions02/WorldPositionOffset/CameraOffset.uasset" 247
"../../../Engine/Content/EngineMaterials/PhAT_JointLimitMaterial.uasset" 248
"../../../Engine/Content/EngineMaterials/PreintegratedSkinBRDF.uasset" 249
"../../../Engine/Content/EngineMaterials/RemoveSurfaceMaterial.uasset" 250
"../../../Engine/Content/EngineMaterials/WeightMapPlaceholderTexture.uasset" 251
"../../../Engine/Content/EngineResources/WhiteSquareTexture.uasset" 252
"../../../Engine/Content/EngineMaterials/Widget3DPassThrough.uasset" 253
"../../../Engine/Content/EngineMaterials/Widget3DPassThrough_Masked.uasset" 254
"../../../Engine/Content/EngineMaterials/Widget3DPassThrough_Opaque.uasset" 255
"../../../Engine/Content/EngineMaterials/Widget3DPassThrough_Masked_OneSided.uasset" 256
"../../../Engine/Content/EngineMaterials/Widget3DPassThrough_Opaque_OneSided.uasset" 257
"../../../Engine/Content/EngineMaterials/Widget3DPassThrough_Translucent.uasset" 258
"../../../Engine/Content/EngineMaterials/Widget3DPassThrough_Translucent_OneSided.uasset" 259
"../../../Engine/Content/EngineMeshes/Cylinder.uasset" 260
"../../../Engine/Content/EngineMeshes/Sphere.uasset" 261
"../../../Engine/Content/EngineResources/Black.uasset" 262
"../../../Engine/Content/EngineResources/DefaultTexture.uasset" 263
"../../../Engine/Content/EngineResources/DefaultTextureCube.uasset" 264
"../../../Engine/Content/EngineResources/DefaultVolumeTexture2D.uasset" 265
"../../../Engine/Content/EngineResources/DefaultVolumeTexture.uasset" 266
"../../../Engine/Content/EngineResources/GradientTexture0.uasset" 267
"../../../Engine/Content/EngineSounds/Master.uasset" 268
"../../../Engine/Content/Functions/Engine_MaterialFunctions01/Shading/ConvertFromDiffSpec.uasset" 269
"../../../Engine/Content/Functions/Engine_MaterialFunctions01/Shading/PowerToRoughness.uasset" 270
"../../../Engine/Content/Maps/Templates/Thumbnails/Default.uasset" 271
"../../../Engine/Content/Maps/Templates/Thumbnails/VR-Basic.uasset" 272
"../../../Engine/Content/MobileResources/T_MobileControls_texture.uasset" 273
"../../../Engine/Content/MobileResources/T_MobileMenu2.uasset" 274
"../../../Engine/Content/MobileResources/HUD/AnalogHat.uasset" 275
"../../../Engine/Content/MobileResources/HUD/VirtualJoystick_Background.uasset" 276
"../../../Engine/Content/MobileResources/HUD/VirtualJoystick_Thumb.uasset" 277
"../../../Engine/Content/MobileResources/HUD/DefaultVirtualJoysticks.uasset" 278
"../../../Engine/Content/MobileResources/HUD/LeftVirtualJoystickOnly.uasset" 279
"../../../Engine/Content/MobileResources/HUD/MobileHUDButton1_off.uasset" 280
"../../../Engine/Content/MobileResources/HUD/MobileHUDButton1_on.uasset" 281
"../../../Engine/Content/MobileResources/HUD/MobileHUDButton2_off.uasset" 282
"../../../Engine/Content/MobileResources/HUD/MobileHUDButton2_on.uasset" 283
"../../../Engine/Content/MobileResources/HUD/MobileHUDButton3.uasset" 284
"../../../Engine/Content/MobileResources/HUD/MobileHUDButtonFire.uasset" 285
"../../../Engine/Content/MobileResources/HUD/MobileHUDDirectionPad.uasset" 286
"../../../Engine/Content/MobileResources/HUD/MobileHUDDirectionPad2.uasset" 287
"../../../Engine/Content/MobileResources/HUD/MobileHUDDirectionPad3.uasset" 288
"../../../Engine/Content/MobileResources/HUD/MobileHUDDirectionStick.uasset" 289
"../../../Engine/Content/MobileResources/HUD/T_Castle_ThumbstickInner.uasset" 290
"../../../Engine/Content/MobileResources/HUD/T_Castle_ThumbstickOutter.uasset" 291
"../../../Engine/Content/Tutorial/ContentIntroCurve.uasset" 292
"../../../Engine/Content/Tutorial/Basics/LevelEditorAttract.uasset" 293
"../../../Engine/Content/Tutorial/Installation/InstallingVisualStudioTutorial.uasset" 294
"../../../Engine/Content/VREditor/LaserPointer/VR_LaserPower_01.uasset" 295
"../../../Engine/Content/VREditor/TransformGizmo/TransformGizmoMaterial.uasset" 296
"../../../Engine/Content/VREditor/TransformGizmo/TranslucentTransformGizmoMaterial.uasset" 297
"../../../Engine/Content/VREditor/TransformGizmo/BoundingBoxCorner.uasset" 298
"../../../Engine/Content/VREditor/TransformGizmo/BoundingBoxEdge.uasset" 299
"../../../Engine/Content/VREditor/TransformGizmo/PlaneTranslationHandle.uasset" 300
"../../../Engine/Content/VREditor/TransformGizmo/Main.uasset" 301
"../../../Engine/Content/VREditor/TransformGizmo/Xray.uasset" 302
"../../../Engine/Content/VREditor/TransformGizmo/SM_Sequencer_Key.uasset" 303
"../../../Engine/Content/VREditor/TransformGizmo/SM_Sequencer_Node.uasset" 304
"../../Plugins/2D/Paper2D/Content/PlaceholderTextures/DummySpriteTexture.uasset" 305
"../../Plugins/2D/Paper2D/Content/DummySprite.uasset" 306
"../../Plugins/2D/Paper2D/Content/DefaultPaperTerrainMaterial.uasset" 307
"../../Plugins/2D/Paper2D/Content/DummySpriteTexture.uasset" 308
"../../Plugins/2D/Paper2D/Content/DefaultSpriteMaterial.uasset" 309
"../../Plugins/2D/Paper2D/Content/MaskedUnlitSpriteMaterial.uasset" 310
"../../Plugins/2D/Paper2D/Content/OpaqueUnlitSpriteMaterial.uasset" 311
"../../Plugins/FX/Niagara/Content/Enums/ENiagaraBooleanLogicOps.uasset" 312
"../../Plugins/FX/Niagara/Content/Enums/ENiagaraCoordinateSpace.uasset" 313
"../../Plugins/FX/Niagara/Content/Enums/ENiagaraExpansionMode.uasset" 314
"../../Plugins/FX/Niagara/Content/Enums/ENiagaraOrientationAxis.uasset" 315
"../../Plugins/FX/Niagara/Content/Enums/ENiagaraRandomnessMode.uasset" 316
"../../Plugins/Runtime/Oculus/OculusVR/Content/OculusMR_RenderTarget.uasset" 317
"../../../Engine/Content/Functions/Engine_MaterialFunctions02/Utility/BreakOutFloat4Components.uasset" 318
"../../../Engine/Content/Functions/Engine_MaterialFunctions02/Utility/MakeFloat2.uasset" 319
"../../../Engine/Content/Functions/Engine_MaterialFunctions02/Utility/MakeFloat3.uasset" 320
"../../Plugins/Runtime/Oculus/OculusVR/Content/Materials/OculusMR_ChromaKey.uasset" 321
"../../Plugins/Runtime/Oculus/OculusVR/Content/Materials/OculusMR_ChromaKey_Lit.uasset" 322
"../../Plugins/Runtime/Oculus/OculusVR/Content/Materials/OculusMR_OpaqueColoredMaterial.uasset" 323
"../../Plugins/Runtime/Oculus/OculusVR/Content/Materials/OculusMR_WhiteMaterial.uasset" 324
"../../Plugins/Runtime/Oculus/OculusVR/Content/Materials/PokeAHoleMaterial.uasset" 325
"../../Plugins/Runtime/Oculus/OculusVR/Content/Textures/GearVRController_AO.uasset" 326
"../../Plugins/Runtime/Oculus/OculusVR/Content/Textures/GearVRController_Color.uasset" 327
"../../Plugins/Runtime/Oculus/OculusVR/Content/Textures/GearVRController_Normal.uasset" 328
"../../Plugins/Runtime/Oculus/OculusVR/Content/Materials/GearVRControllerMaterial.uasset" 329
"../../Plugins/Runtime/Oculus/OculusVR/Content/Meshes/GearVrController.uasset" 330
"../../Plugins/Runtime/Oculus/OculusVR/Content/Textures/touchController_albedo.uasset" 331
"../../Plugins/Runtime/Oculus/OculusVR/Content/Textures/touchController_controlmap.uasset" 332
"../../Plugins/Runtime/Oculus/OculusVR/Content/Materials/touchController_mat.uasset" 333
"../../Plugins/Runtime/Oculus/OculusVR/Content/Meshes/LeftTouchController.uasset" 334
"../../Plugins/Runtime/Oculus/OculusVR/Content/Meshes/RiftHMD.uasset" 335
"../../Plugins/Runtime/Oculus/OculusVR/Content/Meshes/RightTouchController.uasset" 336
"../../../Engine/Content/Functions/UserInterface/GetUserInterfaceUV.uasset" 337
"../../../../../Users/Mythical/Documents/GitHub/zedfest_modding_uproject/KevinSpel/Plugins/DarkerNodes/Content/Materials/Box.uasset" 338
"../../../../../Users/Mythical/Documents/GitHub/zedfest_modding_uproject/KevinSpel/Plugins/DarkerNodes/Content/Materials/Button.uasset" 339
"../../../../../Users/Mythical/Documents/GitHub/zedfest_modding_uproject/KevinSpel/Plugins/DarkerNodes/Content/Materials/ButtonCut.uasset" 340
"../../../../../Users/Mythical/Documents/GitHub/zedfest_modding_uproject/KevinSpel/Plugins/DarkerNodes/Content/Materials/CenterUVs.uasset" 341
"../../../../../Users/Mythical/Documents/GitHub/zedfest_modding_uproject/KevinSpel/Plugins/DarkerNodes/Content/Materials/HeaderBox.uasset" 342
"../../../../../Users/Mythical/Documents/GitHub/zedfest_modding_uproject/KevinSpel/Plugins/DarkerNodes/Content/Materials/Panel.uasset" 343
"../../../../../Users/Mythical/Documents/GitHub/zedfest_modding_uproject/KevinSpel/Plugins/DarkerNodes/Content/Materials/SolidColor.uasset" 344
"../../../../../Users/Mythical/Documents/GitHub/zedfest_modding_uproject/KevinSpel/Content/Maps/Level_Demonstration.umap" 345
"../../../../../Users/Mythical/Documents/GitHub/zedfest_modding_uproject/KevinSpel/Content/Maps/TransitionMap.umap" 346
"../../../Engine/Content/EngineSky/C_Sky_Cloud_Color.uasset" 347
"../../../Engine/Content/EngineSky/C_Sky_Horizon_Color.uasset" 348
"../../../Engine/Content/EngineSky/C_Sky_Zenith_Color.uasset" 349
"../../../Engine/Content/EngineSky/T_Sky_Blue.uasset" 350
"../../../Engine/Content/EngineSky/T_Sky_Clouds_M.uasset" 351
"../../../Engine/Content/EngineSky/T_Sky_Stars.uasset" 352
"../../../Engine/Content/EngineSky/M_Sky_Panning_Clouds2.uasset" 353
"../../../Engine/Content/EngineSky/SM_SkySphere.uasset" 354
"../../../Engine/Content/EngineSky/BP_Sky_Sphere.uasset" 355
"../../../../../Users/Mythical/Documents/GitHub/zedfest_modding_uproject/KevinSpel/Content/HordeTemplateBP/Blueprint/Base/BP_Horde_Gamestate.uasset" 356
"../../../../../Users/Mythical/Documents/GitHub/zedfest_modding_uproject/KevinSpel/Content/HordeTemplateBP/Blueprint/Base/BP_Horde_PlayerState.uasset" 357
"../../../../../Users/Mythical/Documents/GitHub/zedfest_modding_uproject/KevinSpel/Content/HordeTemplateBP/Blueprint/Base/BP_Spectator.uasset" 358
"../../../../../Users/Mythical/Documents/GitHub/zedfest_modding_uproject/KevinSpel/Content/HordeTemplateBP/Blueprint/BP_Base_HordeController.uasset" 359
"../../../../../Users/Mythical/Documents/GitHub/zedfest_modding_uproject/KevinSpel/Content/NetworkRagdollIK/Blueprints/BP_Pawn.uasset" 360
"../../../../../Users/Mythical/Documents/GitHub/zedfest_modding_uproject/KevinSpel/Content/HordeTemplateBP/Blueprint/BP_GM_HordeMode.uasset" 361
"../../../../../Users/Mythical/Documents/GitHub/zedfest_modding_uproject/KevinSpel/Content/Mods/KokoriForestLevel/KokoriForestLevel_BuiltData.uasset" 362
"../../../../../Users/Mythical/Documents/GitHub/zedfest_modding_uproject/KevinSpel/Content/Mods/KokoriForestLevel/Textures/T_KokoriForest_6.uasset" 363
"../../../../../Users/Mythical/Documents/GitHub/zedfest_modding_uproject/KevinSpel/Content/Mods/KokoriForestLevel/Materials/M_KokoriForest_17.uasset" 364
"../../../../../Users/Mythical/Documents/GitHub/zedfest_modding_uproject/KevinSpel/Content/Mods/KokoriForestLevel/Meshes/SM_KokoriForest_1.uasset" 365
"../../../../../Users/Mythical/Documents/GitHub/zedfest_modding_uproject/KevinSpel/Content/Mods/KokoriForestLevel/Textures/T_KokoriForest_17.uasset" 366
"../../../../../Users/Mythical/Documents/GitHub/zedfest_modding_uproject/KevinSpel/Content/Mods/KokoriForestLevel/Materials/M_KokoriForest_11.uasset" 367
"../../../../../Users/Mythical/Documents/GitHub/zedfest_modding_uproject/KevinSpel/Content/Mods/KokoriForestLevel/Meshes/SM_KokoriForest_10.uasset" 368
"../../../../../Users/Mythical/Documents/GitHub/zedfest_modding_uproject/KevinSpel/Content/Mods/KokoriForestLevel/Textures/T_KokoriForest_4.uasset" 369
"../../../../../Users/Mythical/Documents/GitHub/zedfest_modding_uproject/KevinSpel/Content/Mods/KokoriForestLevel/Materials/M_KokoriForest_13.uasset" 370
"../../../../../Users/Mythical/Documents/GitHub/zedfest_modding_uproject/KevinSpel/Content/Mods/KokoriForestLevel/Meshes/SM_KokoriForest_11.uasset" 371
"../../../../../Users/Mythical/Documents/GitHub/zedfest_modding_uproject/KevinSpel/Content/Mods/KokoriForestLevel/Textures/T_KokoriForest_5.uasset" 372
"../../../../../Users/Mythical/Documents/GitHub/zedfest_modding_uproject/KevinSpel/Content/Mods/KokoriForestLevel/Materials/M_KokoriForest_1.uasset" 373
"../../../../../Users/Mythical/Documents/GitHub/zedfest_modding_uproject/KevinSpel/Content/Mods/KokoriForestLevel/Meshes/SM_KokoriForest_12.uasset" 374
"../../../../../Users/Mythical/Documents/GitHub/zedfest_modding_uproject/KevinSpel/Content/Mods/KokoriForestLevel/Textures/T_KokoriForest_15.uasset" 375
"../../../../../Users/Mythical/Documents/GitHub/zedfest_modding_uproject/KevinSpel/Content/Mods/KokoriForestLevel/Materials/M_KokoriForest_9.uasset" 376
"../../../../../Users/Mythical/Documents/GitHub/zedfest_modding_uproject/KevinSpel/Content/Mods/KokoriForestLevel/Meshes/SM_KokoriForest_13.uasset" 377
"../../../../../Users/Mythical/Documents/GitHub/zedfest_modding_uproject/KevinSpel/Content/Mods/KokoriForestLevel/Textures/T_KokoriForest_16.uasset" 378
"../../../../../Users/Mythical/Documents/GitHub/zedfest_modding_uproject/KevinSpel/Content/Mods/KokoriForestLevel/Materials/M_KokoriForest_3.uasset" 379
"../../../../../Users/Mythical/Documents/GitHub/zedfest_modding_uproject/KevinSpel/Content/Mods/KokoriForestLevel/Meshes/SM_KokoriForest_14.uasset" 380
"../../../../../Users/Mythical/Documents/GitHub/zedfest_modding_uproject/KevinSpel/Content/Mods/KokoriForestLevel/Textures/T_KokoriForest_21.uasset" 381
"../../../../../Users/Mythical/Documents/GitHub/zedfest_modding_uproject/KevinSpel/Content/Mods/KokoriForestLevel/Materials/M_KokoriForest_10.uasset" 382
"../../../../../Users/Mythical/Documents/GitHub/zedfest_modding_uproject/KevinSpel/Content/Mods/KokoriForestLevel/Meshes/SM_KokoriForest_15.uasset" 383
"../../../../../Users/Mythical/Documents/GitHub/zedfest_modding_uproject/KevinSpel/Content/Mods/KokoriForestLevel/Textures/T_KokoriForest_11.uasset" 384
"../../../../../Users/Mythical/Documents/GitHub/zedfest_modding_uproject/KevinSpel/Content/Mods/KokoriForestLevel/Materials/M_KokoriForest_15.uasset" 385
"../../../../../Users/Mythical/Documents/GitHub/zedfest_modding_uproject/KevinSpel/Content/Mods/KokoriForestLevel/Meshes/SM_KokoriForest_16.uasset" 386
"../../../../../Users/Mythical/Documents/GitHub/zedfest_modding_uproject/KevinSpel/Content/Mods/KokoriForestLevel/Textures/T_KokoriForest_2.uasset" 387
"../../../../../Users/Mythical/Documents/GitHub/zedfest_modding_uproject/KevinSpel/Content/Mods/KokoriForestLevel/Materials/M_KokoriForest_19.uasset" 388
"../../../../../Users/Mythical/Documents/GitHub/zedfest_modding_uproject/KevinSpel/Content/Mods/KokoriForestLevel/Meshes/SM_KokoriForest_17.uasset" 389
"../../../../../Users/Mythical/Documents/GitHub/zedfest_modding_uproject/KevinSpel/Content/Mods/KokoriForestLevel/Textures/T_KokoriForest_1.uasset" 390
"../../../../../Users/Mythical/Documents/GitHub/zedfest_modding_uproject/KevinSpel/Content/Mods/KokoriForestLevel/Materials/M_KokoriForest_21.uasset" 391
"../../../../../Users/Mythical/Documents/GitHub/zedfest_modding_uproject/KevinSpel/Content/Mods/KokoriForestLevel/Meshes/SM_KokoriForest_18.uasset" 392
"../../../../../Users/Mythical/Documents/GitHub/zedfest_modding_uproject/KevinSpel/Content/Mods/KokoriForestLevel/Textures/T_KokoriForest_20.uasset" 393
"../../../../../Users/Mythical/Documents/GitHub/zedfest_modding_uproject/KevinSpel/Content/Mods/KokoriForestLevel/Materials/M_KokoriForest_20.uasset" 394
"../../../../../Users/Mythical/Documents/GitHub/zedfest_modding_uproject/KevinSpel/Content/Mods/KokoriForestLevel/Meshes/SM_KokoriForest_19.uasset" 395
"../../../../../Users/Mythical/Documents/GitHub/zedfest_modding_uproject/KevinSpel/Content/Mods/KokoriForestLevel/Textures/T_KokoriForest_8.uasset" 396
"../../../../../Users/Mythical/Documents/GitHub/zedfest_modding_uproject/KevinSpel/Content/Mods/KokoriForestLevel/Materials/M_KokoriForest_8.uasset" 397
"../../../../../Users/Mythical/Documents/GitHub/zedfest_modding_uproject/KevinSpel/Content/Mods/KokoriForestLevel/Meshes/SM_KokoriForest_2.uasset" 398
"../../../../../Users/Mythical/Documents/GitHub/zedfest_modding_uproject/KevinSpel/Content/Mods/KokoriForestLevel/Textures/T_KokoriForest_12.uasset" 399
"../../../../../Users/Mythical/Documents/GitHub/zedfest_modding_uproject/KevinSpel/Content/Mods/KokoriForestLevel/Materials/M_KokoriForest_14.uasset" 400
"../../../../../Users/Mythical/Documents/GitHub/zedfest_modding_uproject/KevinSpel/Content/Mods/KokoriForestLevel/Meshes/SM_KokoriForest_20.uasset" 401
"../../../../../Users/Mythical/Documents/GitHub/zedfest_modding_uproject/KevinSpel/Content/Mods/KokoriForestLevel/Textures/T_KokoriForest_9.uasset" 402
"../../../../../Users/Mythical/Documents/GitHub/zedfest_modding_uproject/KevinSpel/Content/Mods/KokoriForestLevel/Materials/M_KokoriForest_16.uasset" 403
"../../../../../Users/Mythical/Documents/GitHub/zedfest_modding_uproject/KevinSpel/Content/Mods/KokoriForestLevel/Meshes/SM_KokoriForest_21.uasset" 404
"../../../../../Users/Mythical/Documents/GitHub/zedfest_modding_uproject/KevinSpel/Content/Mods/KokoriForestLevel/Textures/T_KokoriForest_7.uasset" 405
"../../../../../Users/Mythical/Documents/GitHub/zedfest_modding_uproject/KevinSpel/Content/Mods/KokoriForestLevel/Materials/M_KokoriForest_4.uasset" 406
"../../../../../Users/Mythical/Documents/GitHub/zedfest_modding_uproject/KevinSpel/Content/Mods/KokoriForestLevel/Meshes/SM_KokoriForest_22.uasset" 407
"../../../../../Users/Mythical/Documents/GitHub/zedfest_modding_uproject/KevinSpel/Content/Mods/KokoriForestLevel/Textures/T_KokoriForest_19.uasset" 408
"../../../../../Users/Mythical/Documents/GitHub/zedfest_modding_uproject/KevinSpel/Content/Mods/KokoriForestLevel/Materials/M_KokoriForest_5.uasset" 409
"../../../../../Users/Mythical/Documents/GitHub/zedfest_modding_uproject/KevinSpel/Content/Mods/KokoriForestLevel/Meshes/SM_KokoriForest_23.uasset" 410
"../../../../../Users/Mythical/Documents/GitHub/zedfest_modding_uproject/KevinSpel/Content/Mods/KokoriForestLevel/Textures/T_KokoriForest_10.uasset" 411
"../../../../../Users/Mythical/Documents/GitHub/zedfest_modding_uproject/KevinSpel/Content/Mods/KokoriForestLevel/Materials/M_KokoriForest_7.uasset" 412
"../../../../../Users/Mythical/Documents/GitHub/zedfest_modding_uproject/KevinSpel/Content/Mods/KokoriForestLevel/Meshes/SM_KokoriForest_3.uasset" 413
"../../../../../Users/Mythical/Documents/GitHub/zedfest_modding_uproject/KevinSpel/Content/Mods/KokoriForestLevel/Textures/T_KokoriForest_18.uasset" 414
"../../../../../Users/Mythical/Documents/GitHub/zedfest_modding_uproject/KevinSpel/Content/Mods/KokoriForestLevel/Materials/M_KokoriForest_2.uasset" 415
"../../../../../Users/Mythical/Documents/GitHub/zedfest_modding_uproject/KevinSpel/Content/Mods/KokoriForestLevel/Meshes/SM_KokoriForest_4.uasset" 416
"../../../../../Users/Mythical/Documents/GitHub/zedfest_modding_uproject/KevinSpel/Content/Mods/KokoriForestLevel/Textures/T_KokoriForest_3.uasset" 417
"../../../../../Users/Mythical/Documents/GitHub/zedfest_modding_uproject/KevinSpel/Content/Mods/KokoriForestLevel/Materials/M_KokoriForest_18.uasset" 418
"../../../../../Users/Mythical/Documents/GitHub/zedfest_modding_uproject/KevinSpel/Content/Mods/KokoriForestLevel/Meshes/SM_KokoriForest_7.uasset" 419
"../../../../../Users/Mythical/Documents/GitHub/zedfest_modding_uproject/KevinSpel/Content/Mods/KokoriForestLevel/Textures/T_KokoriForest_13.uasset" 420
"../../../../../Users/Mythical/Documents/GitHub/zedfest_modding_uproject/KevinSpel/Content/Mods/KokoriForestLevel/Materials/M_KokoriForest_12.uasset" 421
"../../../../../Users/Mythical/Documents/GitHub/zedfest_modding_uproject/KevinSpel/Content/Mods/KokoriForestLevel/Meshes/SM_KokoriForest_8.uasset" 422
"../../../../../Users/Mythical/Documents/GitHub/zedfest_modding_uproject/KevinSpel/Content/Mods/KokoriForestLevel/Textures/T_KokoriForest_14.uasset" 423
"../../../../../Users/Mythical/Documents/GitHub/zedfest_modding_uproject/KevinSpel/Content/Mods/KokoriForestLevel/Materials/M_KokoriForest_6.uasset" 424
"../../../../../Users/Mythical/Documents/GitHub/zedfest_modding_uproject/KevinSpel/Content/Mods/KokoriForestLevel/Meshes/SM_KokoriForest_9.uasset" 425
"../../../../../Users/Mythical/Documents/GitHub/zedfest_modding_uproject/KevinSpel/Content/Mods/KokoriForestLevel/KokoriForestLevel.umap" 426
"../../../../../Users/Mythical/Documents/GitHub/zedfest_modding_uproject/KevinSpel/Content/AI_System/DismembermentSystem/Blueprints/Characters/BP_DismemberableCharacter.uasset" 427
"../../../../../Users/Mythical/Documents/GitHub/zedfest_modding_uproject/KevinSpel/Content/AI_System/Blueprints/BP_NPC_Base.uasset" 428
"../../../../../Users/Mythical/Documents/GitHub/zedfest_modding_uproject/KevinSpel/Content/Mods/ModdingFramework_P/Blueprints/BP_OutOfBounds.uasset" 429
"../../../Engine/Content/VREditor/Fonts/VRText_RobotoLarge.uasset" 430
"../../../Engine/Content/VREditor/Fonts/VRTextMaterial.uasset" 431
"../../../../../Users/Mythical/Documents/GitHub/zedfest_modding_uproject/KevinSpel/Content/Mods/ModdingFramework_P/Blueprints/Notes/BP_Note_General.uasset" 432
"../../../../../Users/Mythical/Documents/GitHub/zedfest_modding_uproject/KevinSpel/Content/Mods/ModdingFramework_P/Blueprints/Notes/BP_Note_Keys.uasset" 433
"../../../../../Users/Mythical/Documents/GitHub/zedfest_modding_uproject/KevinSpel/Content/Mods/ModdingFramework_P/Levels/AdvancedExampleLevel_BuiltData.uasset" 434
"../../../../../Users/Mythical/Documents/GitHub/zedfest_modding_uproject/KevinSpel/Content/Mods/ModdingFramework_P/Levels/AdvancedExampleLevel.umap" 435
"../../../../../Users/Mythical/Documents/GitHub/zedfest_modding_uproject/KevinSpel/Content/Mods/ModdingFramework_P/Levels/BasicExampleLevel_BuiltData.uasset" 436
"../../../../../Users/Mythical/Documents/GitHub/zedfest_modding_uproject/KevinSpel/Content/Mods/ModdingFramework_P/Levels/BasicExampleLevel.umap" 437
"../../../../../Users/Mythical/Documents/GitHub/zedfest_modding_uproject/KevinSpel/Content/Mods/ModdingFramework_P/Blueprints/BP_ModLoader.uasset" 438
"../../../../../Users/Mythical/Documents/GitHub/zedfest_modding_uproject/KevinSpel/Content/Mods/ModdingFramework_P/Levels/HOOK_MainMenu_BuiltData.uasset" 439
"../../../../../Users/Mythical/Documents/GitHub/zedfest_modding_uproject/KevinSpel/Content/Mods/ModdingFramework_P/Levels/HOOK_MainMenu.umap" 440
"../../../../../Users/Mythical/Documents/GitHub/zedfest_modding_uproject/KevinSpel/Content/Mods/ModdingFramework_P/Levels/MinimalExampleLevel_BuiltData.uasset" 441
"../../../../../Users/Mythical/Documents/GitHub/zedfest_modding_uproject/KevinSpel/Content/Mods/ModdingFramework_P/Levels/MinimalExampleLevel.umap" 442
"../../../../../Users/Mythical/Documents/GitHub/zedfest_modding_uproject/KevinSpel/Content/Mods/ModdingFramework_P/Levels/PhysicsVolumeLevel_BuiltData.uasset" 443
"../../../../../Users/Mythical/Documents/GitHub/zedfest_modding_uproject/KevinSpel/Content/Mods/ModdingFramework_P/Levels/PhysicsVolumeLevel.umap" 444
"../../../../../Users/Mythical/Documents/GitHub/zedfest_modding_uproject/KevinSpel/Content/Mods/ModdingFramework_P/Blueprints/BP_ActorTimeDilation.uasset" 445
"../../../../../Users/Mythical/Documents/GitHub/zedfest_modding_uproject/KevinSpel/Content/Mods/ModdingFramework_P/Blueprints/BP_AddPlayerHealth.uasset" 446
"../../../../../Users/Mythical/Documents/GitHub/zedfest_modding_uproject/KevinSpel/Content/Blueprints/ATM/VendingMachines/WeaponVendingMachine/BP_VendingMachine.uasset" 447
"../../../Engine/Content/BasicShapes/Cube.uasset" 448
"../../../../../Users/Mythical/Documents/GitHub/zedfest_modding_uproject/KevinSpel/Content/Mods/ModdingFramework_P/Meshes/Light_1.uasset" 449
"../../../../../Users/Mythical/Documents/GitHub/zedfest_modding_uproject/KevinSpel/Content/Mods/ModdingFramework_P/Meshes/S_VendingMachine_Button.uasset" 450
"../../../../../Users/Mythical/Documents/GitHub/zedfest_modding_uproject/KevinSpel/Content/Mods/ModdingFramework_P/Meshes/ST_AmmoCrate.uasset" 451
"../../../../../Users/Mythical/Documents/GitHub/zedfest_modding_uproject/KevinSpel/Content/Mods/ModdingFramework_P/Meshes/Utility_ShowBox.uasset" 452
"../../../../../Users/Mythical/Documents/GitHub/zedfest_modding_uproject/KevinSpel/Content/Mods/ModdingFramework_P/Blueprints/BP_AmmoShopSpawnPoint.uasset" 453
"../../../../../Users/Mythical/Documents/GitHub/zedfest_modding_uproject/KevinSpel/Content/Blueprints/ATM/BP_ATM.uasset" 454
"../../../Engine/Content/BasicShapes/Cylinder.uasset" 455
"../../../../../Users/Mythical/Documents/GitHub/zedfest_modding_uproject/KevinSpel/Content/Mods/ModdingFramework_P/Meshes/SM_LargeScreen.uasset" 456
"../../../../../Users/Mythical/Documents/GitHub/zedfest_modding_uproject/KevinSpel/Content/Mods/ModdingFramework_P/Blueprints/BP_ATM_Spawner.uasset" 457
"../../../../../Users/Mythical/Documents/GitHub/zedfest_modding_uproject/KevinSpel/Content/Mods/ModdingFramework_P/Meshes/ST_Megaphone1.uasset" 458
"../../../../../Users/Mythical/Documents/GitHub/zedfest_modding_uproject/KevinSpel/Content/Mods/ModdingFramework_P/Blueprints/BP_AttachActorToPlayer.uasset" 459
"../../../../../Users/Mythical/Documents/GitHub/zedfest_modding_uproject/KevinSpel/Content/Mods/ModdingFramework_P/Blueprints/BP_AttachComponentToActor.uasset" 460
"../../../../../Users/Mythical/Documents/GitHub/zedfest_modding_uproject/KevinSpel/Content/Mods/ModdingFramework_P/Blueprints/BP_BlockEnemy.uasset" 461
"../../../../../Users/Mythical/Documents/GitHub/zedfest_modding_uproject/KevinSpel/Content/Mods/ModdingFramework_P/Blueprints/BP_BlockPlayer.uasset" 462
"../../../../../Users/Mythical/Documents/GitHub/zedfest_modding_uproject/KevinSpel/Content/Mods/ModdingFramework_P/Blueprints/BP_BlockProjectile.uasset" 463
"../../../../../Users/Mythical/Documents/GitHub/zedfest_modding_uproject/KevinSpel/Content/Blueprints/InteractionWidgets/Blueprints/Examples/BP_BuyToOpenDoor.uasset" 464
"../../../../../Users/Mythical/Documents/GitHub/zedfest_modding_uproject/KevinSpel/Content/Mods/ModdingFramework_P/Meshes/SM_Door.uasset" 465
"../../../../../Users/Mythical/Documents/GitHub/zedfest_modding_uproject/KevinSpel/Content/Mods/ModdingFramework_P/Meshes/SM_Doorframe.uasset" 466
"../../../../../Users/Mythical/Documents/GitHub/zedfest_modding_uproject/KevinSpel/Content/Mods/ModdingFramework_P/Blueprints/BP_BuyableDoorsSpawnPoint.uasset" 467
"../../../../../Users/Mythical/Documents/GitHub/zedfest_modding_uproject/KevinSpel/Content/Mods/ModdingFramework_P/Blueprints/BP_ChangeLightIntensity.uasset" 468
"../../../../../Users/Mythical/Documents/GitHub/zedfest_modding_uproject/KevinSpel/Content/Mods/ModdingFramework_P/Blueprints/BP_ChangeSize.uasset" 469
"../../../../../Users/Mythical/Documents/GitHub/zedfest_modding_uproject/KevinSpel/Content/Mods/ModdingFramework_P/Materials/M_White.uasset" 470
"../../../../../Users/Mythical/Documents/GitHub/zedfest_modding_uproject/KevinSpel/Content/Mods/ModdingFramework_P/Blueprints/BP_Destroy.uasset" 471
"../../../../../Users/Mythical/Documents/GitHub/zedfest_modding_uproject/KevinSpel/Content/Blueprints/GenericShooter/Addons/Interaction/Examples/Elevator/BP_ElevatorShaftGenerator.uasset" 472
"../../../../../Users/Mythical/Documents/GitHub/zedfest_modding_uproject/KevinSpel/Content/Mods/ModdingFramework_P/Meshes/S_Button.uasset" 473
"../../../../../Users/Mythical/Documents/GitHub/zedfest_modding_uproject/KevinSpel/Content/Mods/ModdingFramework_P/Blueprints/BP_ElevatorSpawnPoint.uasset" 474
"../../../../../Users/Mythical/Documents/GitHub/zedfest_modding_uproject/KevinSpel/Content/Mods/ModdingFramework_P/Sounds/ExampleSound.uasset" 475
"../../../../../Users/Mythical/Documents/GitHub/zedfest_modding_uproject/KevinSpel/Content/Mods/ModdingFramework_P/Blueprints/BP_EventEveryXSeconds.uasset" 476
"../../../../../Users/Mythical/Documents/GitHub/zedfest_modding_uproject/KevinSpel/Content/Blueprints/ATM/VendingMachines/HealthVendingMachine/BP_HPVendingMachine.uasset" 477
"../../../../../Users/Mythical/Documents/GitHub/zedfest_modding_uproject/KevinSpel/Content/Mods/ModdingFramework_P/Blueprints/BP_EventOncePerLevel.uasset" 478
"../../../../../Users/Mythical/Documents/GitHub/zedfest_modding_uproject/KevinSpel/Content/Mods/ModdingFramework_P/Blueprints/BP_GameStarted.uasset" 479
"../../../../../Users/Mythical/Documents/GitHub/zedfest_modding_uproject/KevinSpel/Content/Mods/ModdingFramework_P/Blueprints/BP_GetAllPlayers.uasset" 480
"../../../../../Users/Mythical/Documents/GitHub/zedfest_modding_uproject/KevinSpel/Content/Mods/ModdingFramework_P/Blueprints/BP_GetDifficulty.uasset" 481
"../../../../../Users/Mythical/Documents/GitHub/zedfest_modding_uproject/KevinSpel/Content/Mods/ModdingFramework_P/Blueprints/BP_GetDistanceBetween.uasset" 482
"../../../../../Users/Mythical/Documents/GitHub/zedfest_modding_uproject/KevinSpel/Content/Mods/ModdingFramework_P/Blueprints/BP_GetNumPlayers.uasset" 483
"../../../../../Users/Mythical/Documents/GitHub/zedfest_modding_uproject/KevinSpel/Content/Mods/ModdingFramework_P/Blueprints/BP_WaveCounter.uasset" 484
"../../../../../Users/Mythical/Documents/GitHub/zedfest_modding_uproject/KevinSpel/Content/Mods/ModdingFramework_P/Blueprints/BP_GetWaveNumber.uasset" 485
"../../../../../Users/Mythical/Documents/GitHub/zedfest_modding_uproject/KevinSpel/Content/Mods/ModdingFramework_P/Blueprints/BP_GravityChange.uasset" 486
"../../../../../Users/Mythical/Documents/GitHub/zedfest_modding_uproject/KevinSpel/Content/Blueprints/BP_Hissdoors1.uasset" 487
"../../../../../Users/Mythical/Documents/GitHub/zedfest_modding_uproject/KevinSpel/Content/Mods/ModdingFramework_P/Meshes/PlanarMeshSkiva.uasset" 488
"../../../../../Users/Mythical/Documents/GitHub/zedfest_modding_uproject/KevinSpel/Content/Mods/ModdingFramework_P/Meshes/SM_Column_tile.uasset" 489
"../../../../../Users/Mythical/Documents/GitHub/zedfest_modding_uproject/KevinSpel/Content/Mods/ModdingFramework_P/Blueprints/BP_HissDoorsSpawner.uasset" 490
"../../../../../Users/Mythical/Documents/GitHub/zedfest_modding_uproject/KevinSpel/Content/Mods/ModdingFramework_P/Meshes/SM_FirstAidPack.uasset" 491
"../../../../../Users/Mythical/Documents/GitHub/zedfest_modding_uproject/KevinSpel/Content/Mods/ModdingFramework_P/Meshes/SM_HealthVial.uasset" 492
"../../../../../Users/Mythical/Documents/GitHub/zedfest_modding_uproject/KevinSpel/Content/Mods/ModdingFramework_P/Meshes/SM_syringe_B.uasset" 493
"../../../../../Users/Mythical/Documents/GitHub/zedfest_modding_uproject/KevinSpel/Content/Mods/ModdingFramework_P/Blueprints/BP_HpShopSpawnPoint.uasset" 494
"../../../../../Users/Mythical/Documents/GitHub/zedfest_modding_uproject/KevinSpel/Content/Blueprints/BP_Store.uasset" 495
"../../../../../Users/Mythical/Documents/GitHub/zedfest_modding_uproject/KevinSpel/Content/Mods/ModdingFramework_P/Blueprints/BP_IsWaveInProgress.uasset" 496
"../../../../../Users/Mythical/Documents/GitHub/zedfest_modding_uproject/KevinSpel/Content/Blueprints/ATM/BP_GunPawnShop.uasset" 497
"../../../../../Users/Mythical/Documents/GitHub/zedfest_modding_uproject/KevinSpel/Content/Mods/ModdingFramework_P/Blueprints/BP_PawnShopSpawnPoint.uasset" 498
"../../../../../Users/Mythical/Documents/GitHub/zedfest_modding_uproject/KevinSpel/Content/Mods/ModdingFramework_P/Blueprints/BP_PlaySound.uasset" 499
"../../../../../Users/Mythical/Documents/GitHub/zedfest_modding_uproject/KevinSpel/Content/Blueprints/BP_StoreSpawnPoint.uasset" 500
"../../../../../Users/Mythical/Documents/GitHub/zedfest_modding_uproject/KevinSpel/Content/Mods/ModdingFramework_P/Meshes/Mesh_Light01.uasset" 501
"../../../../../Users/Mythical/Documents/GitHub/zedfest_modding_uproject/KevinSpel/Content/Mods/ModdingFramework_P/Blueprints/BP_PugsStoreSpawnPoint.uasset" 502
"../../../../../Users/Mythical/Documents/GitHub/zedfest_modding_uproject/KevinSpel/Content/Mods/ModdingFramework_P/Blueprints/BP_Rotating.uasset" 503
"../../../../../Users/Mythical/Documents/GitHub/zedfest_modding_uproject/KevinSpel/Content/Mods/ModdingFramework_P/Blueprints/BP_SetMaterials.uasset" 504
"../../../../../Users/Mythical/Documents/GitHub/zedfest_modding_uproject/KevinSpel/Content/Mods/ModdingFramework_P/Blueprints/BP_SetPlayerMoney.uasset" 505
"../../../../../Users/Mythical/Documents/GitHub/zedfest_modding_uproject/KevinSpel/Content/Blueprints/ATM/Shower/BP_Shower.uasset" 506
"../../../../../Users/Mythical/Documents/GitHub/zedfest_modding_uproject/KevinSpel/Content/Mods/ModdingFramework_P/Meshes/ST_ShowerSet.uasset" 507
"../../../../../Users/Mythical/Documents/GitHub/zedfest_modding_uproject/KevinSpel/Content/Mods/ModdingFramework_P/Blueprints/BP_ShowerSpawnPoint.uasset" 508
"../../../../../Users/Mythical/Documents/GitHub/zedfest_modding_uproject/KevinSpel/Content/Blueprints/GenericShooter/Addons/Interaction/Examples/BonusContent/Spring/BP_Spring.uasset" 509
"../../../../../Users/Mythical/Documents/GitHub/zedfest_modding_uproject/KevinSpel/Content/Mods/ModdingFramework_P/Meshes/S_Spring.uasset" 510
"../../../../../Users/Mythical/Documents/GitHub/zedfest_modding_uproject/KevinSpel/Content/Mods/ModdingFramework_P/Meshes/SM_Box_Machine.uasset" 511
"../../../../../Users/Mythical/Documents/GitHub/zedfest_modding_uproject/KevinSpel/Content/Mods/ModdingFramework_P/Meshes/SM_RotatingLightGlas.uasset" 512
"../../../../../Users/Mythical/Documents/GitHub/zedfest_modding_uproject/KevinSpel/Content/Mods/ModdingFramework_P/Meshes/SM_RotatingLightLamp.uasset" 513
"../../../../../Users/Mythical/Documents/GitHub/zedfest_modding_uproject/KevinSpel/Content/Mods/ModdingFramework_P/Blueprints/BP_SpringSpawnPoint.uasset" 514
"../../../../../Users/Mythical/Documents/GitHub/zedfest_modding_uproject/KevinSpel/Content/HordeTemplateBP/Blueprint/Base/BP_Damage_Player.uasset" 515
"../../../../../Users/Mythical/Documents/GitHub/zedfest_modding_uproject/KevinSpel/Content/Mods/ModdingFramework_P/Blueprints/BP_SubtractPlayerHealth.uasset" 516
"../../../../../Users/Mythical/Documents/GitHub/zedfest_modding_uproject/KevinSpel/Content/Mods/ModdingFramework_P/Blueprints/BP_Summon.uasset" 517
"../../../../../Users/Mythical/Documents/GitHub/zedfest_modding_uproject/KevinSpel/Content/Mods/ModdingFramework_P/Blueprints/ZedfestPostProcess/WBP_Fade.uasset" 518
"../../../../../Users/Mythical/Documents/GitHub/zedfest_modding_uproject/KevinSpel/Content/Mods/ModdingFramework_P/Blueprints/ZedfestPostProcess/BP_ZedfestPostProcess.uasset" 519
"../../../../../Users/Mythical/Documents/GitHub/zedfest_modding_uproject/KevinSpel/Content/Mods/ModdingFramework_P/Blueprints/BP_SwimmingArea.uasset" 520
"../../../../../Users/Mythical/Documents/GitHub/zedfest_modding_uproject/KevinSpel/Content/Blueprints/SirenWarning/BP_SirenWarning.uasset" 521
"../../../../../Users/Mythical/Documents/GitHub/zedfest_modding_uproject/KevinSpel/Content/Meshes/CyberPunk_Assets/Meshes/SM_Telephone_Pole.uasset" 522
"../../../../../Users/Mythical/Documents/GitHub/zedfest_modding_uproject/KevinSpel/Content/Mods/ModdingFramework_P/Blueprints/BP_TelephonePole.uasset" 523
"../../../../../Users/Mythical/Documents/GitHub/zedfest_modding_uproject/KevinSpel/Content/Mods/ModdingFramework_P/Meshes/SM_Telephone_Pole.uasset" 524
"../../../../../Users/Mythical/Documents/GitHub/zedfest_modding_uproject/KevinSpel/Content/Mods/ModdingFramework_P/Blueprints/BP_TelephonePoleSpawnPoint.uasset" 525
"../../../../../Users/Mythical/Documents/GitHub/zedfest_modding_uproject/KevinSpel/Content/Mods/ModdingFramework_P/Blueprints/BP_TeleportAllPlayers.uasset" 526
"../../../../../Users/Mythical/Documents/GitHub/zedfest_modding_uproject/KevinSpel/Content/Mods/ModdingFramework_P/Blueprints/BP_TeleportAllZeds.uasset" 527
"../../../../../Users/Mythical/Documents/GitHub/zedfest_modding_uproject/KevinSpel/Content/Mods/ModdingFramework_P/Blueprints/BP_Teleporter.uasset" 528
"../../../../../Users/Mythical/Documents/GitHub/zedfest_modding_uproject/KevinSpel/Content/Mods/ModdingFramework_P/Blueprints/BP_Timer.uasset" 529
"../../../../../Users/Mythical/Documents/GitHub/zedfest_modding_uproject/KevinSpel/Content/Mods/ModdingFramework_P/Blueprints/BP_ToggleCollision.uasset" 530
"../../../../../Users/Mythical/Documents/GitHub/zedfest_modding_uproject/KevinSpel/Content/Mods/ModdingFramework_P/Blueprints/BP_ToggleVisibility.uasset" 531
"../../../../../Users/Mythical/Documents/GitHub/zedfest_modding_uproject/KevinSpel/Content/Mods/ModdingFramework_P/Materials/M_Black.uasset" 532
"../../../../../Users/Mythical/Documents/GitHub/zedfest_modding_uproject/KevinSpel/Content/Characters/Funny_Robot/Mesh/MR_Ticklehead_PhysicsAsset.uasset" 533
"../../../../../Users/Mythical/Documents/GitHub/zedfest_modding_uproject/KevinSpel/Content/Characters/Funny_Robot/Mesh/MR_Ticklehead.uasset" 534
"../../../../../Users/Mythical/Documents/GitHub/zedfest_modding_uproject/KevinSpel/Content/Mods/ModdingFramework_P/Blueprints/SetPlayerMeshes.uasset" 535
"../../../../../Users/Mythical/Documents/GitHub/zedfest_modding_uproject/KevinSpel/Content/Mods/ModdingFramework_P/Levels/WorkingExampleLevel_BuiltData.uasset" 536
"../../../../../Users/Mythical/Documents/GitHub/zedfest_modding_uproject/KevinSpel/Content/Mods/ModdingFramework_P/Levels/WorkingExampleLevel.umap" 537
"../../../../../Users/Mythical/Documents/GitHub/zedfest_modding_uproject/KevinSpel/Content/Mods/VillageLevel_P/Levels/dirt_LayerInfo.uasset" 538
"../../../../../Users/Mythical/Documents/GitHub/zedfest_modding_uproject/KevinSpel/Content/Mods/VillageLevel_P/Levels/grass_LayerInfo.uasset" 539
"../../../../../Users/Mythical/Documents/GitHub/zedfest_modding_uproject/KevinSpel/Content/Mods/VillageLevel_P/Levels/rock_LayerInfo.uasset" 540
"../../../../../Users/Mythical/Documents/GitHub/zedfest_modding_uproject/KevinSpel/Content/Mods/VillageLevel_P/Levels/soil_LayerInfo.uasset" 541
"../../../../../Users/Mythical/Documents/GitHub/zedfest_modding_uproject/KevinSpel/Content/Mods/VillageLevel_P/VillageLevel_BuiltData.uasset" 542
"../../../../../Users/Mythical/Documents/GitHub/zedfest_modding_uproject/KevinSpel/Content/Mods/VillageLevel_P/Textures/Landscape/T_Grass_bc_r.uasset" 543
"../../../../../Users/Mythical/Documents/GitHub/zedfest_modding_uproject/KevinSpel/Content/Mods/VillageLevel_P/Textures/Landscape/T_Ground_bc_r.uasset" 544
"../../../../../Users/Mythical/Documents/GitHub/zedfest_modding_uproject/KevinSpel/Content/Mods/VillageLevel_P/Textures/Landscape/T_Soil_bc_r.uasset" 545
"../../../../../Users/Mythical/Documents/GitHub/zedfest_modding_uproject/KevinSpel/Content/Mods/VillageLevel_P/Materials/GRASS.uasset" 546
"../../../../../Users/Mythical/Documents/GitHub/zedfest_modding_uproject/KevinSpel/Content/Mods/VillageLevel_P/Materials/MasterMaterials/M_WaterRiver.uasset" 547
"../../../../../Users/Mythical/Documents/GitHub/zedfest_modding_uproject/KevinSpel/Content/Mods/VillageLevel_P/Textures/HouseA/T_HouseA_gray_bc.uasset" 548
"../../../../../Users/Mythical/Documents/GitHub/zedfest_modding_uproject/KevinSpel/Content/Mods/VillageLevel_P/Textures/HouseA/T_HouseA_mask.uasset" 549
"../../../../../Users/Mythical/Documents/GitHub/zedfest_modding_uproject/KevinSpel/Content/Mods/VillageLevel_P/Materials/MasterMaterials/M_Opaque_Emissive_colorMask.uasset" 550
"../../../../../Users/Mythical/Documents/GitHub/zedfest_modding_uproject/KevinSpel/Content/Mods/VillageLevel_P/Materials/MI_HouseA_03_day.uasset" 551
"../../../../../Users/Mythical/Documents/GitHub/zedfest_modding_uproject/KevinSpel/Content/Mods/VillageLevel_P/Materials/MI_HouseB_01_day.uasset" 552
"../../../../../Users/Mythical/Documents/GitHub/zedfest_modding_uproject/KevinSpel/Content/Mods/VillageLevel_P/Materials/MI_HouseB_02_day.uasset" 553
"../../../../../Users/Mythical/Documents/GitHub/zedfest_modding_uproject/KevinSpel/Content/Mods/VillageLevel_P/Textures/HouseB/T_HauseB_gray_bc.uasset" 554
"../../../../../Users/Mythical/Documents/GitHub/zedfest_modding_uproject/KevinSpel/Content/Mods/VillageLevel_P/Textures/HouseB/T_HauseB_mask.uasset" 555
"../../../../../Users/Mythical/Documents/GitHub/zedfest_modding_uproject/KevinSpel/Content/Mods/VillageLevel_P/Materials/MI_HouseB_03_day.uasset" 556
"../../../../../Users/Mythical/Documents/GitHub/zedfest_modding_uproject/KevinSpel/Content/Mods/VillageLevel_P/Materials/MI_HouseC_01_day.uasset" 557
"../../../../../Users/Mythical/Documents/GitHub/zedfest_modding_uproject/KevinSpel/Content/Mods/VillageLevel_P/Textures/HouseC/T_HouseC_gray_bc.uasset" 558
"../../../../../Users/Mythical/Documents/GitHub/zedfest_modding_uproject/KevinSpel/Content/Mods/VillageLevel_P/Textures/HouseC/T_HouseC_mask.uasset" 559
"../../../../../Users/Mythical/Documents/GitHub/zedfest_modding_uproject/KevinSpel/Content/Mods/VillageLevel_P/Materials/MI_HouseC_03_day.uasset" 560
"../../../../../Users/Mythical/Documents/GitHub/zedfest_modding_uproject/KevinSpel/Content/Mods/VillageLevel_P/Materials/MI_WaterRiver.uasset" 561
"../../../Engine/Content/EngineMaterials/DefaultPhysicalMaterial.uasset" 562
"../../../../../Users/Mythical/Documents/GitHub/zedfest_modding_uproject/KevinSpel/Content/Mods/VillageLevel_P/Materials/MasterMaterials/M_Masked.uasset" 563
"../../../../../Users/Mythical/Documents/GitHub/zedfest_modding_uproject/KevinSpel/Content/Mods/VillageLevel_P/Textures/InventoryProps/T_InventoryProps_ao_r_m.uasset" 564
"../../../../../Users/Mythical/Documents/GitHub/zedfest_modding_uproject/KevinSpel/Content/Mods/VillageLevel_P/Textures/InventoryProps/T_InventoryProps_bc.uasset" 565
"../../../../../Users/Mythical/Documents/GitHub/zedfest_modding_uproject/KevinSpel/Content/Mods/VillageLevel_P/Textures/InventoryProps/T_InventoryProps_n.uasset" 566
"../../../../../Users/Mythical/Documents/GitHub/zedfest_modding_uproject/KevinSpel/Content/Mods/VillageLevel_P/Materials/MI_InventoryProps.uasset" 567
"../../../../../Users/Mythical/Documents/GitHub/zedfest_modding_uproject/KevinSpel/Content/Mods/VillageLevel_P/Meshes/InventoryProps/SM_Cart.uasset" 568
"../../../../../Users/Mythical/Documents/GitHub/zedfest_modding_uproject/KevinSpel/Content/Mods/VillageLevel_P/Meshes/InventoryProps/SM_CartBroken.uasset" 569
"../../../../../Users/Mythical/Documents/GitHub/zedfest_modding_uproject/KevinSpel/Content/Mods/VillageLevel_P/Meshes/InventoryProps/SM_Hayfork.uasset" 570
"../../../../../Users/Mythical/Documents/GitHub/zedfest_modding_uproject/KevinSpel/Content/Mods/VillageLevel_P/Meshes/InventoryProps/SM_HaystackA.uasset" 571
"../../../../../Users/Mythical/Documents/GitHub/zedfest_modding_uproject/KevinSpel/Content/Mods/VillageLevel_P/Meshes/InventoryProps/SM_Logs.uasset" 572
"../../../Engine/Content/Functions/Engine_MaterialFunctions02/Texturing/WorldPositionWithScale.uasset" 573
"../../../Engine/Content/Functions/Engine_MaterialFunctions02/Utility/BreakOutFloat3Components.uasset" 574
"../../../../../Users/Mythical/Documents/GitHub/zedfest_modding_uproject/KevinSpel/Content/Mods/VillageLevel_P/Textures/Landscape/T_Grass_n.uasset" 575
"../../../../../Users/Mythical/Documents/GitHub/zedfest_modding_uproject/KevinSpel/Content/Mods/VillageLevel_P/Textures/Landscape/T_Ground_n.uasset" 576
"../../../../../Users/Mythical/Documents/GitHub/zedfest_modding_uproject/KevinSpel/Content/Mods/VillageLevel_P/Textures/Landscape/T_Rock_n.uasset" 577
"../../../../../Users/Mythical/Documents/GitHub/zedfest_modding_uproject/KevinSpel/Content/Mods/VillageLevel_P/Textures/Landscape/T_Soil_n.uasset" 578
"../../../../../Users/Mythical/Documents/GitHub/zedfest_modding_uproject/KevinSpel/Content/Mods/VillageLevel_P/Materials/MasterMaterials/M_TriplanarVertexBlend.uasset" 579
"../../../../../Users/Mythical/Documents/GitHub/zedfest_modding_uproject/KevinSpel/Content/Mods/VillageLevel_P/Materials/MI_Landscape.uasset" 580
"../../../../../Users/Mythical/Documents/GitHub/zedfest_modding_uproject/KevinSpel/Content/Mods/VillageLevel_P/Meshes/LandscapeModules/SM_Ground_16m.uasset" 581
"../../../../../Users/Mythical/Documents/GitHub/zedfest_modding_uproject/KevinSpel/Content/Mods/VillageLevel_P/Meshes/LandscapeModules/SM_Ground_16m_CliffCornerInside.uasset" 582
"../../../../../Users/Mythical/Documents/GitHub/zedfest_modding_uproject/KevinSpel/Content/Mods/VillageLevel_P/Meshes/LandscapeModules/SM_Ground_16m_CliffWaterfall_Water.uasset" 583
"../../../../../Users/Mythical/Documents/GitHub/zedfest_modding_uproject/KevinSpel/Content/Mods/VillageLevel_P/Meshes/LandscapeModules/SM_Ground_8m_CliffCornerOutside.uasset" 584
"../../../../../Users/Mythical/Documents/GitHub/zedfest_modding_uproject/KevinSpel/Content/Mods/VillageLevel_P/Textures/Fence/T_Fence_ao_r_m.uasset" 585
"../../../../../Users/Mythical/Documents/GitHub/zedfest_modding_uproject/KevinSpel/Content/Mods/VillageLevel_P/Textures/Fence/T_Fence_bc.uasset" 586
"../../../../../Users/Mythical/Documents/GitHub/zedfest_modding_uproject/KevinSpel/Content/Mods/VillageLevel_P/Textures/Fence/T_Fence_n.uasset" 587
"../../../../../Users/Mythical/Documents/GitHub/zedfest_modding_uproject/KevinSpel/Content/Mods/VillageLevel_P/Materials/MI_Fence.uasset" 588
"../../../../../Users/Mythical/Documents/GitHub/zedfest_modding_uproject/KevinSpel/Content/Mods/VillageLevel_P/Meshes/SM_Arch_4m.uasset" 589
"../../../../../Users/Mythical/Documents/GitHub/zedfest_modding_uproject/KevinSpel/Content/Mods/VillageLevel_P/Textures/Market/T_Market_ao_r_m.uasset" 590
"../../../../../Users/Mythical/Documents/GitHub/zedfest_modding_uproject/KevinSpel/Content/Mods/VillageLevel_P/Textures/Market/T_Market_bc.uasset" 591
"../../../../../Users/Mythical/Documents/GitHub/zedfest_modding_uproject/KevinSpel/Content/Mods/VillageLevel_P/Textures/Market/T_Market_n.uasset" 592
"../../../../../Users/Mythical/Documents/GitHub/zedfest_modding_uproject/KevinSpel/Content/Mods/VillageLevel_P/Materials/MI_Market.uasset" 593
"../../../../../Users/Mythical/Documents/GitHub/zedfest_modding_uproject/KevinSpel/Content/Mods/VillageLevel_P/Meshes/SM_Billboard.uasset" 594
"../../../../../Users/Mythical/Documents/GitHub/zedfest_modding_uproject/KevinSpel/Content/Mods/VillageLevel_P/Meshes/SM_BoatAttached.uasset" 595
"../../../../../Users/Mythical/Documents/GitHub/zedfest_modding_uproject/KevinSpel/Content/Mods/VillageLevel_P/Meshes/SM_BoxB.uasset" 596
"../../../../../Users/Mythical/Documents/GitHub/zedfest_modding_uproject/KevinSpel/Content/Mods/VillageLevel_P/Meshes/SM_BoxC.uasset" 597
"../../../../../Users/Mythical/Documents/GitHub/zedfest_modding_uproject/KevinSpel/Content/Mods/VillageLevel_P/Materials/MI_Lights_warm_ON.uasset" 598
"../../../../../Users/Mythical/Documents/GitHub/zedfest_modding_uproject/KevinSpel/Content/Mods/VillageLevel_P/Meshes/SM_BranchA.uasset" 599
"../../../../../Users/Mythical/Documents/GitHub/zedfest_modding_uproject/KevinSpel/Content/Mods/VillageLevel_P/Meshes/SM_BranchB.uasset" 600
"../../../../../Users/Mythical/Documents/GitHub/zedfest_modding_uproject/KevinSpel/Content/Mods/VillageLevel_P/Meshes/SM_BridgeColumn.uasset" 601
"../../../../../Users/Mythical/Documents/GitHub/zedfest_modding_uproject/KevinSpel/Content/Mods/VillageLevel_P/Meshes/SM_BridgeLong_BrokenC.uasset" 602
"../../../../../Users/Mythical/Documents/GitHub/zedfest_modding_uproject/KevinSpel/Content/Mods/VillageLevel_P/Meshes/SM_BridgeOnColumns.uasset" 603
"../../../../../Users/Mythical/Documents/GitHub/zedfest_modding_uproject/KevinSpel/Content/Mods/VillageLevel_P/Meshes/SM_BridgeOnWall.uasset" 604
"../../../../../Users/Mythical/Documents/GitHub/zedfest_modding_uproject/KevinSpel/Content/Mods/VillageLevel_P/Meshes/SM_BridgePiece.uasset" 605
"../../../../../Users/Mythical/Documents/GitHub/zedfest_modding_uproject/KevinSpel/Content/Mods/VillageLevel_P/Materials/MasterMaterials/M_Masked_2sided.uasset" 606
"../../../../../Users/Mythical/Documents/GitHub/zedfest_modding_uproject/KevinSpel/Content/Mods/VillageLevel_P/Textures/Plants/T_Plants_ao_r_m.uasset" 607
"../../../../../Users/Mythical/Documents/GitHub/zedfest_modding_uproject/KevinSpel/Content/Mods/VillageLevel_P/Textures/Plants/T_Plants_bc.uasset" 608
"../../../../../Users/Mythical/Documents/GitHub/zedfest_modding_uproject/KevinSpel/Content/Mods/VillageLevel_P/Textures/Plants/T_Plants_n.uasset" 609
"../../../../../Users/Mythical/Documents/GitHub/zedfest_modding_uproject/KevinSpel/Content/Mods/VillageLevel_P/Materials/MI_Plants.uasset" 610
"../../../../../Users/Mythical/Documents/GitHub/zedfest_modding_uproject/KevinSpel/Content/Mods/VillageLevel_P/Textures/Plants/T_PlantsLODs_ao_r_m.uasset" 611
"../../../../../Users/Mythical/Documents/GitHub/zedfest_modding_uproject/KevinSpel/Content/Mods/VillageLevel_P/Textures/Plants/T_PlantsLODs_bc.uasset" 612
"../../../../../Users/Mythical/Documents/GitHub/zedfest_modding_uproject/KevinSpel/Content/Mods/VillageLevel_P/Textures/Plants/T_PlantsLODs_n.uasset" 613
"../../../../../Users/Mythical/Documents/GitHub/zedfest_modding_uproject/KevinSpel/Content/Mods/VillageLevel_P/Materials/MI_PlantsLODs.uasset" 614
"../../../../../Users/Mythical/Documents/GitHub/zedfest_modding_uproject/KevinSpel/Content/Mods/VillageLevel_P/Meshes/SM_BushBig_A.uasset" 615
"../../../../../Users/Mythical/Documents/GitHub/zedfest_modding_uproject/KevinSpel/Content/Mods/VillageLevel_P/Meshes/SM_BushBig_B.uasset" 616
"../../../../../Users/Mythical/Documents/GitHub/zedfest_modding_uproject/KevinSpel/Content/Mods/VillageLevel_P/Meshes/SM_BushMid_A.uasset" 617
"../../../../../Users/Mythical/Documents/GitHub/zedfest_modding_uproject/KevinSpel/Content/Mods/VillageLevel_P/Materials/MasterMaterials/M_Opaque_DitheredLOD.uasset" 618
"../../../../../Users/Mythical/Documents/GitHub/zedfest_modding_uproject/KevinSpel/Content/Mods/VillageLevel_P/Textures/Vegetables/T_Vegetables_ao_r_m.uasset" 619
"../../../../../Users/Mythical/Documents/GitHub/zedfest_modding_uproject/KevinSpel/Content/Mods/VillageLevel_P/Textures/Vegetables/T_Vegetables_bc.uasset" 620
"../../../../../Users/Mythical/Documents/GitHub/zedfest_modding_uproject/KevinSpel/Content/Mods/VillageLevel_P/Textures/Vegetables/T_Vegetables_n.uasset" 621
"../../../../../Users/Mythical/Documents/GitHub/zedfest_modding_uproject/KevinSpel/Content/Mods/VillageLevel_P/Materials/MI_Vegetables.uasset" 622
"../../../../../Users/Mythical/Documents/GitHub/zedfest_modding_uproject/KevinSpel/Content/Mods/VillageLevel_P/Meshes/SM_Carrot.uasset" 623
"../../../../../Users/Mythical/Documents/GitHub/zedfest_modding_uproject/KevinSpel/Content/Mods/VillageLevel_P/Meshes/SM_Corn.uasset" 624
"../../../../../Users/Mythical/Documents/GitHub/zedfest_modding_uproject/KevinSpel/Content/Mods/VillageLevel_P/Meshes/SM_FenceSmallB_2m.uasset" 625
"../../../../../Users/Mythical/Documents/GitHub/zedfest_modding_uproject/KevinSpel/Content/Mods/VillageLevel_P/Meshes/SM_Flower_A.uasset" 626
"../../../../../Users/Mythical/Documents/GitHub/zedfest_modding_uproject/KevinSpel/Content/Mods/VillageLevel_P/Meshes/SM_Flower_B.uasset" 627
"../../../../../Users/Mythical/Documents/GitHub/zedfest_modding_uproject/KevinSpel/Content/Mods/VillageLevel_P/Meshes/SM_Flower_C.uasset" 628
"../../../../../Users/Mythical/Documents/GitHub/zedfest_modding_uproject/KevinSpel/Content/Mods/VillageLevel_P/Meshes/SM_GardenBed_6x4m.uasset" 629
"../../../../../Users/Mythical/Documents/GitHub/zedfest_modding_uproject/KevinSpel/Content/Mods/VillageLevel_P/Meshes/SM_Grass_A.uasset" 630
"../../../../../Users/Mythical/Documents/GitHub/zedfest_modding_uproject/KevinSpel/Content/Mods/VillageLevel_P/Meshes/SM_Grass_B.uasset" 631
"../../../../../Users/Mythical/Documents/GitHub/zedfest_modding_uproject/KevinSpel/Content/Mods/VillageLevel_P/Materials/MI_HouseA_03_night.uasset" 632
"../../../../../Users/Mythical/Documents/GitHub/zedfest_modding_uproject/KevinSpel/Content/Mods/VillageLevel_P/Meshes/SM_HouseA.uasset" 633
"../../../../../Users/Mythical/Documents/GitHub/zedfest_modding_uproject/KevinSpel/Content/Mods/VillageLevel_P/Materials/MI_HouseB_03_night.uasset" 634
"../../../../../Users/Mythical/Documents/GitHub/zedfest_modding_uproject/KevinSpel/Content/Mods/VillageLevel_P/Meshes/SM_HouseB.uasset" 635
"../../../../../Users/Mythical/Documents/GitHub/zedfest_modding_uproject/KevinSpel/Content/Mods/VillageLevel_P/Materials/MI_HouseC_03_night.uasset" 636
"../../../../../Users/Mythical/Documents/GitHub/zedfest_modding_uproject/KevinSpel/Content/Mods/VillageLevel_P/Meshes/SM_HouseC.uasset" 637
"../../../../../Users/Mythical/Documents/GitHub/zedfest_modding_uproject/KevinSpel/Content/Mods/VillageLevel_P/Textures/Lighthouse/T_Lighthouse_ao_r_m.uasset" 638
"../../../../../Users/Mythical/Documents/GitHub/zedfest_modding_uproject/KevinSpel/Content/Mods/VillageLevel_P/Textures/Lighthouse/T_Lighthouse_bc.uasset" 639
"../../../../../Users/Mythical/Documents/GitHub/zedfest_modding_uproject/KevinSpel/Content/Mods/VillageLevel_P/Textures/Lighthouse/T_Lighthouse_e.uasset" 640
"../../../../../Users/Mythical/Documents/GitHub/zedfest_modding_uproject/KevinSpel/Content/Mods/VillageLevel_P/Textures/Lighthouse/T_Lighthouse_n.uasset" 641
"../../../../../Users/Mythical/Documents/GitHub/zedfest_modding_uproject/KevinSpel/Content/Mods/VillageLevel_P/Materials/MI_Lighthouse.uasset" 642
"../../../../../Users/Mythical/Documents/GitHub/zedfest_modding_uproject/KevinSpel/Content/Mods/VillageLevel_P/Meshes/SM_Lighthouse.uasset" 643
"../../../../../Users/Mythical/Documents/GitHub/zedfest_modding_uproject/KevinSpel/Content/Mods/VillageLevel_P/Materials/MI_MillBarn_day.uasset" 644
"../../../../../Users/Mythical/Documents/GitHub/zedfest_modding_uproject/KevinSpel/Content/Mods/VillageLevel_P/Meshes/SM_Mill.uasset" 645
"../../../../../Users/Mythical/Documents/GitHub/zedfest_modding_uproject/KevinSpel/Content/Mods/VillageLevel_P/Meshes/SM_Mill_Blades.uasset" 646
"../../../../../Users/Mythical/Documents/GitHub/zedfest_modding_uproject/KevinSpel/Content/Mods/VillageLevel_P/Meshes/SM_PathwayPlanks.uasset" 647
"../../../../../Users/Mythical/Documents/GitHub/zedfest_modding_uproject/KevinSpel/Content/Mods/VillageLevel_P/Meshes/SM_Plank.uasset" 648
"../../../../../Users/Mythical/Documents/GitHub/zedfest_modding_uproject/KevinSpel/Content/Mods/VillageLevel_P/Meshes/SM_Pumpkin.uasset" 649
"../../../../../Users/Mythical/Documents/GitHub/zedfest_modding_uproject/KevinSpel/Content/Mods/VillageLevel_P/Materials/MasterMaterials/M_Triplanar.uasset" 650
"../../../../../Users/Mythical/Documents/GitHub/zedfest_modding_uproject/KevinSpel/Content/Mods/VillageLevel_P/Materials/MI_Rocks.uasset" 651
"../../../../../Users/Mythical/Documents/GitHub/zedfest_modding_uproject/KevinSpel/Content/Mods/VillageLevel_P/Meshes/SM_RockA.uasset" 652
"../../../../../Users/Mythical/Documents/GitHub/zedfest_modding_uproject/KevinSpel/Content/Mods/VillageLevel_P/Meshes/SM_RockB.uasset" 653
"../../../../../Users/Mythical/Documents/GitHub/zedfest_modding_uproject/KevinSpel/Content/Mods/VillageLevel_P/Meshes/SM_RockC.uasset" 654
"../../../../../Users/Mythical/Documents/GitHub/zedfest_modding_uproject/KevinSpel/Content/Mods/VillageLevel_P/Meshes/SM_RockD.uasset" 655
"../../../../../Users/Mythical/Documents/GitHub/zedfest_modding_uproject/KevinSpel/Content/Mods/VillageLevel_P/Meshes/SM_ShopA.uasset" 656
"../../../../../Users/Mythical/Documents/GitHub/zedfest_modding_uproject/KevinSpel/Content/Mods/VillageLevel_P/Meshes/SM_ShopB.uasset" 657
"../../../../../Users/Mythical/Documents/GitHub/zedfest_modding_uproject/KevinSpel/Content/Mods/VillageLevel_P/Meshes/SM_ShopC.uasset" 658
"../../../../../Users/Mythical/Documents/GitHub/zedfest_modding_uproject/KevinSpel/Content/Mods/VillageLevel_P/Meshes/SM_StairsWoodenA.uasset" 659
"../../../../../Users/Mythical/Documents/GitHub/zedfest_modding_uproject/KevinSpel/Content/Mods/VillageLevel_P/Meshes/SM_Tree_B.uasset" 660
"../../../../../Users/Mythical/Documents/GitHub/zedfest_modding_uproject/KevinSpel/Content/Mods/VillageLevel_P/Meshes/SM_Tree_C.uasset" 661
"../../../../../Users/Mythical/Documents/GitHub/zedfest_modding_uproject/KevinSpel/Content/Mods/VillageLevel_P/Meshes/SM_Tree_D.uasset" 662
"../../../../../Users/Mythical/Documents/GitHub/zedfest_modding_uproject/KevinSpel/Content/Mods/VillageLevel_P/Meshes/SM_TreeStumpA.uasset" 663
"../../../../../Users/Mythical/Documents/GitHub/zedfest_modding_uproject/KevinSpel/Content/Mods/VillageLevel_P/Meshes/SM_TreeStumpB.uasset" 664
"../../../../../Users/Mythical/Documents/GitHub/zedfest_modding_uproject/KevinSpel/Content/Mods/VillageLevel_P/Meshes/SM_TreeStumpC.uasset" 665
"../../../../../Users/Mythical/Documents/GitHub/zedfest_modding_uproject/KevinSpel/Content/Mods/VillageLevel_P/Meshes/SM_WaymarkB.uasset" 666
"../../../../../Users/Mythical/Documents/GitHub/zedfest_modding_uproject/KevinSpel/Content/Mods/VillageLevel_P/Meshes/SM_WaymarkC.uasset" 667
"../../../../../Users/Mythical/Documents/GitHub/zedfest_modding_uproject/KevinSpel/Content/Mods/VillageLevel_P/Meshes/SM_WelcomePlate.uasset" 668
"../../../../../Users/Mythical/Documents/GitHub/zedfest_modding_uproject/KevinSpel/Content/Mods/VillageLevel_P/Textures/WoodenProps/T_WoodenProps_ao_r_m.uasset" 669
"../../../../../Users/Mythical/Documents/GitHub/zedfest_modding_uproject/KevinSpel/Content/Mods/VillageLevel_P/Textures/WoodenProps/T_WoodenProps_bc.uasset" 670
"../../../../../Users/Mythical/Documents/GitHub/zedfest_modding_uproject/KevinSpel/Content/Mods/VillageLevel_P/Textures/WoodenProps/T_WoodenProps_n.uasset" 671
"../../../../../Users/Mythical/Documents/GitHub/zedfest_modding_uproject/KevinSpel/Content/Mods/VillageLevel_P/Materials/MI_WoodenProps.uasset" 672
"../../../../../Users/Mythical/Documents/GitHub/zedfest_modding_uproject/KevinSpel/Content/Mods/VillageLevel_P/Meshes/SM_Well.uasset" 673
"../../../../../Users/Mythical/Documents/GitHub/zedfest_modding_uproject/KevinSpel/Content/Mods/VillageLevel_P/Materials/MI_Butterfly_emissive.uasset" 674
"../../../../../Users/Mythical/Documents/GitHub/zedfest_modding_uproject/KevinSpel/Content/Mods/VillageLevel_P/Particles/PS_Butterfly_blue_glow.uasset" 675
"../../../../../Users/Mythical/Documents/GitHub/zedfest_modding_uproject/KevinSpel/Content/Mods/VillageLevel_P/Particles/PS_Butterfly_green_glow.uasset" 676
"../../../../../Users/Mythical/Documents/GitHub/zedfest_modding_uproject/KevinSpel/Content/Mods/VillageLevel_P/Particles/PS_Butterfly_pink_glow.uasset" 677
"../../../../../Users/Mythical/Documents/GitHub/zedfest_modding_uproject/KevinSpel/Content/Mods/VillageLevel_P/Textures/Particles/T_CircleMask.uasset" 678
"../../../../../Users/Mythical/Documents/GitHub/zedfest_modding_uproject/KevinSpel/Content/Mods/VillageLevel_P/Materials/MasterMaterials/M_Particles.uasset" 679
"../../../../../Users/Mythical/Documents/GitHub/zedfest_modding_uproject/KevinSpel/Content/Mods/VillageLevel_P/Materials/MI_Dust.uasset" 680
"../../../../../Users/Mythical/Documents/GitHub/zedfest_modding_uproject/KevinSpel/Content/Mods/VillageLevel_P/Particles/PS_Dust_cold.uasset" 681
"../../../../../Users/Mythical/Documents/GitHub/zedfest_modding_uproject/KevinSpel/Content/Mods/VillageLevel_P/Particles/PS_Smoke.uasset" 682
"../../../../../Users/Mythical/Documents/GitHub/zedfest_modding_uproject/KevinSpel/Content/Mods/VillageLevel_P/Sounds/birds.uasset" 683
"../../../../../Users/Mythical/Documents/GitHub/zedfest_modding_uproject/KevinSpel/Content/Mods/VillageLevel_P/Sounds/birds_Cue.uasset" 684
"../../../../../Users/Mythical/Documents/GitHub/zedfest_modding_uproject/KevinSpel/Content/Mods/VillageLevel_P/Sounds/river.uasset" 685
"../../../../../Users/Mythical/Documents/GitHub/zedfest_modding_uproject/KevinSpel/Content/Mods/VillageLevel_P/Sounds/river_Cue.uasset" 686
"../../../../../Users/Mythical/Documents/GitHub/zedfest_modding_uproject/KevinSpel/Content/Mods/VillageLevel_P/Sounds/waterfall.uasset" 687
"../../../../../Users/Mythical/Documents/GitHub/zedfest_modding_uproject/KevinSpel/Content/Mods/VillageLevel_P/Sounds/waterfall_Cue.uasset" 688
"../../../../../Users/Mythical/Documents/GitHub/zedfest_modding_uproject/KevinSpel/Content/Mods/VillageLevel_P/Textures/T_Zedfest_LUT.uasset" 689
"../../../../../Users/Mythical/Documents/GitHub/zedfest_modding_uproject/KevinSpel/Content/Mods/VillageLevel_P/VillageLevel.umap" 690
"../../../Engine/Content/Maps/Entry_BuiltData.uasset" 691
"../../../Engine/Content/Maps/Entry.umap" 692
